<?xml version="1.0" encoding="utf-8"?>
<!DOCTYPE coverage SYSTEM "http://cobertura.sourceforge.net/xml/coverage-04.dtd">
<coverage line-rate="0" branch-rate="0" lines-covered="0" lines-valid="609" branches-covered="0" branches-valid="12" complexity="64" version="0" timestamp="1703764137">
  <sources />
  <packages>
    <package name="UnitTestProject" line-rate="0" branch-rate="0" complexity="64">
      <classes>
        <class name="UnitTestProject.test.AppTest" filename="D:\codingProj\tester\UnitTestProject\test\AppTest.cs" line-rate="0" branch-rate="1" complexity="1">
          <methods>
            <method name="AppTest_ctor" signature="()" line-rate="0" branch-rate="1" complexity="1">
              <lines>
                <line number="12" hits="0" branch="false" />
                <line number="13" hits="0" branch="false" />
                <line number="14" hits="0" branch="false" />
                <line number="15" hits="0" branch="false" />
              </lines>
            </method>
          </methods>
          <lines>
            <line number="12" hits="0" branch="false" />
            <line number="13" hits="0" branch="false" />
            <line number="14" hits="0" branch="false" />
            <line number="15" hits="0" branch="false" />
          </lines>
        </class>
        <class name="UnitTestProject.test.commands.ConfirmInformationCommandTest" filename="D:\codingProj\tester\UnitTestProject\test\commands\ConfirmInformationCommandTest.cs" line-rate="0" branch-rate="1" complexity="1">
          <methods>
            <method name="confirmInformationCommand_ctor" signature="()" line-rate="0" branch-rate="1" complexity="1">
              <lines>
                <line number="13" hits="0" branch="false" />
                <line number="14" hits="0" branch="false" />
                <line number="15" hits="0" branch="false" />
                <line number="16" hits="0" branch="false" />
                <line number="17" hits="0" branch="false" />
              </lines>
            </method>
          </methods>
          <lines>
            <line number="13" hits="0" branch="false" />
            <line number="14" hits="0" branch="false" />
            <line number="15" hits="0" branch="false" />
            <line number="16" hits="0" branch="false" />
            <line number="17" hits="0" branch="false" />
          </lines>
        </class>
        <class name="UnitTestProject.test.commands.EditInformationCommandTest" filename="D:\codingProj\tester\UnitTestProject\test\commands\EditInformationCommandTest.cs" line-rate="0" branch-rate="1" complexity="1">
          <methods>
            <method name="editInformationCommand_ctor" signature="()" line-rate="0" branch-rate="1" complexity="1">
              <lines>
                <line number="12" hits="0" branch="false" />
                <line number="13" hits="0" branch="false" />
                <line number="14" hits="0" branch="false" />
                <line number="15" hits="0" branch="false" />
                <line number="16" hits="0" branch="false" />
              </lines>
            </method>
          </methods>
          <lines>
            <line number="12" hits="0" branch="false" />
            <line number="13" hits="0" branch="false" />
            <line number="14" hits="0" branch="false" />
            <line number="15" hits="0" branch="false" />
            <line number="16" hits="0" branch="false" />
          </lines>
        </class>
        <class name="UnitTestProject.test.commands.ExitCommandTest" filename="D:\codingProj\tester\UnitTestProject\test\commands\ExitCommandTest.cs" line-rate="0" branch-rate="1" complexity="1">
          <methods>
            <method name="ExitCommand_ctor" signature="()" line-rate="0" branch-rate="1" complexity="1">
              <lines>
                <line number="13" hits="0" branch="false" />
                <line number="14" hits="0" branch="false" />
                <line number="15" hits="0" branch="false" />
                <line number="16" hits="0" branch="false" />
                <line number="17" hits="0" branch="false" />
              </lines>
            </method>
          </methods>
          <lines>
            <line number="13" hits="0" branch="false" />
            <line number="14" hits="0" branch="false" />
            <line number="15" hits="0" branch="false" />
            <line number="16" hits="0" branch="false" />
            <line number="17" hits="0" branch="false" />
          </lines>
        </class>
        <class name="UnitTestProject.test.commands.FindCommandTest" filename="D:\codingProj\tester\UnitTestProject\test\commands\FindCommandTest.cs" line-rate="0" branch-rate="1" complexity="1">
          <methods>
            <method name="FindCommandTest_ctor" signature="()" line-rate="0" branch-rate="1" complexity="1">
              <lines>
                <line number="13" hits="0" branch="false" />
                <line number="14" hits="0" branch="false" />
                <line number="15" hits="0" branch="false" />
                <line number="16" hits="0" branch="false" />
                <line number="17" hits="0" branch="false" />
              </lines>
            </method>
          </methods>
          <lines>
            <line number="13" hits="0" branch="false" />
            <line number="14" hits="0" branch="false" />
            <line number="15" hits="0" branch="false" />
            <line number="16" hits="0" branch="false" />
            <line number="17" hits="0" branch="false" />
          </lines>
        </class>
        <class name="UnitTestProject.test.commands.MainClassCommandTest" filename="D:\codingProj\tester\UnitTestProject\test\commands\MainClassCommandTest.cs" line-rate="0" branch-rate="1" complexity="1">
          <methods>
            <method name="MainClassCommandTest_ctor" signature="()" line-rate="0" branch-rate="1" complexity="1">
              <lines>
                <line number="13" hits="0" branch="false" />
                <line number="14" hits="0" branch="false" />
                <line number="15" hits="0" branch="false" />
                <line number="16" hits="0" branch="false" />
                <line number="17" hits="0" branch="false" />
              </lines>
            </method>
          </methods>
          <lines>
            <line number="13" hits="0" branch="false" />
            <line number="14" hits="0" branch="false" />
            <line number="15" hits="0" branch="false" />
            <line number="16" hits="0" branch="false" />
            <line number="17" hits="0" branch="false" />
          </lines>
        </class>
        <class name="UnitTestProject.test.commands.ProfileCommandTest" filename="D:\codingProj\tester\UnitTestProject\test\commands\ProfileCommandTest.cs" line-rate="0" branch-rate="1" complexity="1">
          <methods>
            <method name="ProfileCommandTest_ctor" signature="()" line-rate="0" branch-rate="1" complexity="1">
              <lines>
                <line number="13" hits="0" branch="false" />
                <line number="14" hits="0" branch="false" />
                <line number="15" hits="0" branch="false" />
                <line number="16" hits="0" branch="false" />
                <line number="17" hits="0" branch="false" />
              </lines>
            </method>
          </methods>
          <lines>
            <line number="13" hits="0" branch="false" />
            <line number="14" hits="0" branch="false" />
            <line number="15" hits="0" branch="false" />
            <line number="16" hits="0" branch="false" />
            <line number="17" hits="0" branch="false" />
          </lines>
        </class>
        <class name="UnitTestProject.test.commands.RelayCommandTest" filename="D:\codingProj\tester\UnitTestProject\test\commands\RelayCommandTest.cs" line-rate="0" branch-rate="1" complexity="1">
          <methods>
            <method name="RelayCommandTest_ctor" signature="()" line-rate="0" branch-rate="1" complexity="1">
              <lines>
                <line number="14" hits="0" branch="false" />
                <line number="20" hits="0" branch="false" />
              </lines>
            </method>
          </methods>
          <lines>
            <line number="14" hits="0" branch="false" />
            <line number="20" hits="0" branch="false" />
          </lines>
        </class>
        <class name="UnitTestProject.test.commands.SettingCommandTest" filename="D:\codingProj\tester\UnitTestProject\test\commands\SettingCommandTest.cs" line-rate="0" branch-rate="1" complexity="1">
          <methods>
            <method name="SettingCommandTest_ctor" signature="()" line-rate="0" branch-rate="1" complexity="1">
              <lines>
                <line number="13" hits="0" branch="false" />
                <line number="14" hits="0" branch="false" />
                <line number="15" hits="0" branch="false" />
                <line number="16" hits="0" branch="false" />
                <line number="17" hits="0" branch="false" />
              </lines>
            </method>
          </methods>
          <lines>
            <line number="13" hits="0" branch="false" />
            <line number="14" hits="0" branch="false" />
            <line number="15" hits="0" branch="false" />
            <line number="16" hits="0" branch="false" />
            <line number="17" hits="0" branch="false" />
          </lines>
        </class>
        <class name="UnitTestProject.test.components.BindablePasswordBoxTest" filename="D:\codingProj\tester\UnitTestProject\test\components\BindablePasswordBoxTest.cs" line-rate="0" branch-rate="1" complexity="1">
          <methods>
            <method name="BindablePasswordBoxTest_ctor" signature="()" line-rate="0" branch-rate="1" complexity="1">
              <lines>
                <line number="12" hits="0" branch="false" />
                <line number="13" hits="0" branch="false" />
                <line number="14" hits="0" branch="false" />
                <line number="15" hits="0" branch="false" />
                <line number="17" hits="0" branch="false" />
                <line number="18" hits="0" branch="false" />
                <line number="19" hits="0" branch="false" />
              </lines>
            </method>
          </methods>
          <lines>
            <line number="12" hits="0" branch="false" />
            <line number="13" hits="0" branch="false" />
            <line number="14" hits="0" branch="false" />
            <line number="15" hits="0" branch="false" />
            <line number="17" hits="0" branch="false" />
            <line number="18" hits="0" branch="false" />
            <line number="19" hits="0" branch="false" />
          </lines>
        </class>
        <class name="UnitTestProject.test.components.classTest.ClassDetailTest" filename="D:\codingProj\tester\UnitTestProject\test\components\classTest\ClassDetailTest.cs" line-rate="0" branch-rate="1" complexity="1">
          <methods>
            <method name="render_ClassDetail" signature="()" line-rate="0" branch-rate="1" complexity="1">
              <lines>
                <line number="11" hits="0" branch="false" />
                <line number="12" hits="0" branch="false" />
                <line number="13" hits="0" branch="false" />
                <line number="14" hits="0" branch="false" />
              </lines>
            </method>
          </methods>
          <lines>
            <line number="11" hits="0" branch="false" />
            <line number="12" hits="0" branch="false" />
            <line number="13" hits="0" branch="false" />
            <line number="14" hits="0" branch="false" />
          </lines>
        </class>
        <class name="UnitTestProject.test.components.classTest.ClassListingTest" filename="D:\codingProj\tester\UnitTestProject\test\components\classTest\ClassListingTest.cs" line-rate="0" branch-rate="1" complexity="1">
          <methods>
            <method name="classListing_Render" signature="()" line-rate="0" branch-rate="1" complexity="1">
              <lines>
                <line number="12" hits="0" branch="false" />
                <line number="13" hits="0" branch="false" />
                <line number="14" hits="0" branch="false" />
                <line number="15" hits="0" branch="false" />
              </lines>
            </method>
          </methods>
          <lines>
            <line number="12" hits="0" branch="false" />
            <line number="13" hits="0" branch="false" />
            <line number="14" hits="0" branch="false" />
            <line number="15" hits="0" branch="false" />
          </lines>
        </class>
        <class name="UnitTestProject.test.components.educationTest.InfomationTest" filename="D:\codingProj\tester\UnitTestProject\test\components\educationTest\InfomationTest.cs" line-rate="0" branch-rate="1" complexity="1">
          <methods>
            <method name="information_Render" signature="()" line-rate="0" branch-rate="1" complexity="1">
              <lines>
                <line number="13" hits="0" branch="false" />
                <line number="14" hits="0" branch="false" />
                <line number="15" hits="0" branch="false" />
                <line number="16" hits="0" branch="false" />
              </lines>
            </method>
          </methods>
          <lines>
            <line number="13" hits="0" branch="false" />
            <line number="14" hits="0" branch="false" />
            <line number="15" hits="0" branch="false" />
            <line number="16" hits="0" branch="false" />
          </lines>
        </class>
        <class name="UnitTestProject.test.components.educationTest.ResultTest" filename="D:\codingProj\tester\UnitTestProject\test\components\educationTest\ResultTest.cs" line-rate="0" branch-rate="1" complexity="1">
          <methods>
            <method name="result_Render" signature="()" line-rate="0" branch-rate="1" complexity="1">
              <lines>
                <line number="12" hits="0" branch="false" />
                <line number="13" hits="0" branch="false" />
                <line number="14" hits="0" branch="false" />
                <line number="15" hits="0" branch="false" />
              </lines>
            </method>
          </methods>
          <lines>
            <line number="12" hits="0" branch="false" />
            <line number="13" hits="0" branch="false" />
            <line number="14" hits="0" branch="false" />
            <line number="15" hits="0" branch="false" />
          </lines>
        </class>
        <class name="UnitTestProject.test.components.educationTest.ScheduleTest" filename="D:\codingProj\tester\UnitTestProject\test\components\educationTest\ScheduleTest.cs" line-rate="0" branch-rate="1" complexity="1">
          <methods>
            <method name="schedule_Render" signature="()" line-rate="0" branch-rate="1" complexity="1">
              <lines>
                <line number="12" hits="0" branch="false" />
                <line number="13" hits="0" branch="false" />
                <line number="14" hits="0" branch="false" />
                <line number="15" hits="0" branch="false" />
              </lines>
            </method>
          </methods>
          <lines>
            <line number="12" hits="0" branch="false" />
            <line number="13" hits="0" branch="false" />
            <line number="14" hits="0" branch="false" />
            <line number="15" hits="0" branch="false" />
          </lines>
        </class>
        <class name="UnitTestProject.test.databases.ResultTest" filename="D:\codingProj\tester\UnitTestProject\test\databases\ResultTest.cs" line-rate="0" branch-rate="1" complexity="1">
          <methods>
            <method name="ResultTest_ctor" signature="()" line-rate="0" branch-rate="1" complexity="1">
              <lines>
                <line number="12" hits="0" branch="false" />
                <line number="13" hits="0" branch="false" />
                <line number="14" hits="0" branch="false" />
                <line number="15" hits="0" branch="false" />
                <line number="16" hits="0" branch="false" />
                <line number="17" hits="0" branch="false" />
                <line number="18" hits="0" branch="false" />
                <line number="19" hits="0" branch="false" />
                <line number="20" hits="0" branch="false" />
                <line number="21" hits="0" branch="false" />
                <line number="22" hits="0" branch="false" />
                <line number="23" hits="0" branch="false" />
                <line number="24" hits="0" branch="false" />
                <line number="26" hits="0" branch="false" />
                <line number="27" hits="0" branch="false" />
              </lines>
            </method>
          </methods>
          <lines>
            <line number="12" hits="0" branch="false" />
            <line number="13" hits="0" branch="false" />
            <line number="14" hits="0" branch="false" />
            <line number="15" hits="0" branch="false" />
            <line number="16" hits="0" branch="false" />
            <line number="17" hits="0" branch="false" />
            <line number="18" hits="0" branch="false" />
            <line number="19" hits="0" branch="false" />
            <line number="20" hits="0" branch="false" />
            <line number="21" hits="0" branch="false" />
            <line number="22" hits="0" branch="false" />
            <line number="23" hits="0" branch="false" />
            <line number="24" hits="0" branch="false" />
            <line number="26" hits="0" branch="false" />
            <line number="27" hits="0" branch="false" />
          </lines>
        </class>
        <class name="UnitTestProject.test.GlobalSetup" filename="D:\codingProj\tester\UnitTestProject\test\GlobalSetup.cs" line-rate="0" branch-rate="0" complexity="2">
          <methods>
            <method name=".ctor" signature="()" line-rate="0" branch-rate="0" complexity="2">
              <lines>
                <line number="19" hits="0" branch="false" />
                <line number="20" hits="0" branch="false" />
                <line number="21" hits="0" branch="false" />
                <line number="22" hits="0" branch="false" />
                <line number="23" hits="0" branch="false" />
                <line number="24" hits="0" branch="false" />
                <line number="25" hits="0" branch="false" />
                <line number="27" hits="0" branch="false" />
                <line number="28" hits="0" branch="false" />
                <line number="31" hits="0" branch="false" />
                <line number="32" hits="0" branch="false" />
                <line number="33" hits="0" branch="false" />
                <line number="34" hits="0" branch="false" />
                <line number="35" hits="0" branch="false" />
                <line number="36" hits="0" branch="false" />
                <line number="37" hits="0" branch="false" />
                <line number="38" hits="0" branch="false" />
                <line number="39" hits="0" branch="false" />
                <line number="40" hits="0" branch="false" />
                <line number="41" hits="0" branch="false" />
                <line number="43" hits="0" branch="false" />
                <line number="44" hits="0" branch="false" />
                <line number="45" hits="0" branch="false" />
                <line number="46" hits="0" branch="false" />
                <line number="48" hits="0" branch="true" condition-coverage="0% (0/2)" />
                <line number="49" hits="0" branch="false" />
                <line number="50" hits="0" branch="false" />
                <line number="51" hits="0" branch="false" />
                <line number="52" hits="0" branch="false" />
                <line number="53" hits="0" branch="false" />
                <line number="54" hits="0" branch="false" />
                <line number="55" hits="0" branch="false" />
                <line number="56" hits="0" branch="false" />
              </lines>
            </method>
          </methods>
          <lines>
            <line number="19" hits="0" branch="false" />
            <line number="20" hits="0" branch="false" />
            <line number="21" hits="0" branch="false" />
            <line number="22" hits="0" branch="false" />
            <line number="23" hits="0" branch="false" />
            <line number="24" hits="0" branch="false" />
            <line number="25" hits="0" branch="false" />
            <line number="27" hits="0" branch="false" />
            <line number="28" hits="0" branch="false" />
            <line number="31" hits="0" branch="false" />
            <line number="32" hits="0" branch="false" />
            <line number="33" hits="0" branch="false" />
            <line number="34" hits="0" branch="false" />
            <line number="35" hits="0" branch="false" />
            <line number="36" hits="0" branch="false" />
            <line number="37" hits="0" branch="false" />
            <line number="38" hits="0" branch="false" />
            <line number="39" hits="0" branch="false" />
            <line number="40" hits="0" branch="false" />
            <line number="41" hits="0" branch="false" />
            <line number="43" hits="0" branch="false" />
            <line number="44" hits="0" branch="false" />
            <line number="45" hits="0" branch="false" />
            <line number="46" hits="0" branch="false" />
            <line number="48" hits="0" branch="true" condition-coverage="0% (0/2)" />
            <line number="49" hits="0" branch="false" />
            <line number="50" hits="0" branch="false" />
            <line number="51" hits="0" branch="false" />
            <line number="52" hits="0" branch="false" />
            <line number="53" hits="0" branch="false" />
            <line number="54" hits="0" branch="false" />
            <line number="55" hits="0" branch="false" />
            <line number="56" hits="0" branch="false" />
          </lines>
        </class>
        <class name="UnitTestProject.test.models.AddressTest" filename="D:\codingProj\tester\UnitTestProject\test\models\AddressTest.cs" line-rate="0" branch-rate="1" complexity="1">
          <methods>
            <method name="AddressTest_ctor" signature="()" line-rate="0" branch-rate="1" complexity="1">
              <lines>
                <line number="12" hits="0" branch="false" />
                <line number="13" hits="0" branch="false" />
                <line number="14" hits="0" branch="false" />
                <line number="15" hits="0" branch="false" />
                <line number="16" hits="0" branch="false" />
                <line number="17" hits="0" branch="false" />
                <line number="19" hits="0" branch="false" />
                <line number="20" hits="0" branch="false" />
                <line number="21" hits="0" branch="false" />
                <line number="22" hits="0" branch="false" />
              </lines>
            </method>
          </methods>
          <lines>
            <line number="12" hits="0" branch="false" />
            <line number="13" hits="0" branch="false" />
            <line number="14" hits="0" branch="false" />
            <line number="15" hits="0" branch="false" />
            <line number="16" hits="0" branch="false" />
            <line number="17" hits="0" branch="false" />
            <line number="19" hits="0" branch="false" />
            <line number="20" hits="0" branch="false" />
            <line number="21" hits="0" branch="false" />
            <line number="22" hits="0" branch="false" />
          </lines>
        </class>
        <class name="UnitTestProject.test.models.CountryTest" filename="D:\codingProj\tester\UnitTestProject\test\models\CountryTest.cs" line-rate="0" branch-rate="1" complexity="1">
          <methods>
            <method name="CountryTest_ctor" signature="()" line-rate="0" branch-rate="1" complexity="1">
              <lines>
                <line number="12" hits="0" branch="false" />
                <line number="13" hits="0" branch="false" />
                <line number="14" hits="0" branch="false" />
                <line number="15" hits="0" branch="false" />
                <line number="16" hits="0" branch="false" />
                <line number="18" hits="0" branch="false" />
                <line number="19" hits="0" branch="false" />
                <line number="20" hits="0" branch="false" />
              </lines>
            </method>
          </methods>
          <lines>
            <line number="12" hits="0" branch="false" />
            <line number="13" hits="0" branch="false" />
            <line number="14" hits="0" branch="false" />
            <line number="15" hits="0" branch="false" />
            <line number="16" hits="0" branch="false" />
            <line number="18" hits="0" branch="false" />
            <line number="19" hits="0" branch="false" />
            <line number="20" hits="0" branch="false" />
          </lines>
        </class>
        <class name="UnitTestProject.test.models.ProfileStudentTest" filename="D:\codingProj\tester\UnitTestProject\test\models\ProfileStudentTest.cs" line-rate="0" branch-rate="1" complexity="1">
          <methods>
            <method name="ProfileStudentTest_ctor" signature="()" line-rate="0" branch-rate="1" complexity="1">
              <lines>
                <line number="12" hits="0" branch="false" />
                <line number="13" hits="0" branch="false" />
                <line number="14" hits="0" branch="false" />
                <line number="15" hits="0" branch="false" />
                <line number="16" hits="0" branch="false" />
                <line number="17" hits="0" branch="false" />
                <line number="18" hits="0" branch="false" />
                <line number="19" hits="0" branch="false" />
                <line number="20" hits="0" branch="false" />
                <line number="21" hits="0" branch="false" />
                <line number="22" hits="0" branch="false" />
                <line number="23" hits="0" branch="false" />
                <line number="24" hits="0" branch="false" />
                <line number="25" hits="0" branch="false" />
                <line number="26" hits="0" branch="false" />
                <line number="27" hits="0" branch="false" />
                <line number="28" hits="0" branch="false" />
                <line number="29" hits="0" branch="false" />
                <line number="30" hits="0" branch="false" />
                <line number="31" hits="0" branch="false" />
                <line number="32" hits="0" branch="false" />
                <line number="33" hits="0" branch="false" />
                <line number="34" hits="0" branch="false" />
                <line number="35" hits="0" branch="false" />
                <line number="36" hits="0" branch="false" />
                <line number="37" hits="0" branch="false" />
                <line number="38" hits="0" branch="false" />
                <line number="39" hits="0" branch="false" />
                <line number="40" hits="0" branch="false" />
                <line number="41" hits="0" branch="false" />
                <line number="42" hits="0" branch="false" />
                <line number="43" hits="0" branch="false" />
                <line number="44" hits="0" branch="false" />
                <line number="45" hits="0" branch="false" />
                <line number="47" hits="0" branch="false" />
                <line number="48" hits="0" branch="false" />
                <line number="49" hits="0" branch="false" />
                <line number="50" hits="0" branch="false" />
                <line number="51" hits="0" branch="false" />
                <line number="52" hits="0" branch="false" />
                <line number="53" hits="0" branch="false" />
                <line number="54" hits="0" branch="false" />
                <line number="55" hits="0" branch="false" />
                <line number="56" hits="0" branch="false" />
                <line number="57" hits="0" branch="false" />
                <line number="58" hits="0" branch="false" />
                <line number="59" hits="0" branch="false" />
                <line number="60" hits="0" branch="false" />
                <line number="61" hits="0" branch="false" />
                <line number="62" hits="0" branch="false" />
                <line number="63" hits="0" branch="false" />
                <line number="64" hits="0" branch="false" />
                <line number="65" hits="0" branch="false" />
                <line number="66" hits="0" branch="false" />
                <line number="67" hits="0" branch="false" />
                <line number="68" hits="0" branch="false" />
                <line number="69" hits="0" branch="false" />
                <line number="70" hits="0" branch="false" />
                <line number="71" hits="0" branch="false" />
                <line number="72" hits="0" branch="false" />
                <line number="73" hits="0" branch="false" />
                <line number="74" hits="0" branch="false" />
                <line number="75" hits="0" branch="false" />
                <line number="76" hits="0" branch="false" />
                <line number="77" hits="0" branch="false" />
                <line number="79" hits="0" branch="false" />
                <line number="80" hits="0" branch="false" />
                <line number="81" hits="0" branch="false" />
                <line number="82" hits="0" branch="false" />
                <line number="83" hits="0" branch="false" />
                <line number="84" hits="0" branch="false" />
                <line number="85" hits="0" branch="false" />
                <line number="86" hits="0" branch="false" />
                <line number="87" hits="0" branch="false" />
                <line number="88" hits="0" branch="false" />
                <line number="89" hits="0" branch="false" />
                <line number="90" hits="0" branch="false" />
                <line number="91" hits="0" branch="false" />
                <line number="92" hits="0" branch="false" />
                <line number="93" hits="0" branch="false" />
                <line number="94" hits="0" branch="false" />
                <line number="95" hits="0" branch="false" />
                <line number="96" hits="0" branch="false" />
                <line number="97" hits="0" branch="false" />
                <line number="98" hits="0" branch="false" />
                <line number="99" hits="0" branch="false" />
                <line number="100" hits="0" branch="false" />
                <line number="101" hits="0" branch="false" />
                <line number="102" hits="0" branch="false" />
                <line number="103" hits="0" branch="false" />
                <line number="104" hits="0" branch="false" />
                <line number="105" hits="0" branch="false" />
                <line number="106" hits="0" branch="false" />
                <line number="107" hits="0" branch="false" />
                <line number="108" hits="0" branch="false" />
                <line number="109" hits="0" branch="false" />
                <line number="110" hits="0" branch="false" />
              </lines>
            </method>
          </methods>
          <lines>
            <line number="12" hits="0" branch="false" />
            <line number="13" hits="0" branch="false" />
            <line number="14" hits="0" branch="false" />
            <line number="15" hits="0" branch="false" />
            <line number="16" hits="0" branch="false" />
            <line number="17" hits="0" branch="false" />
            <line number="18" hits="0" branch="false" />
            <line number="19" hits="0" branch="false" />
            <line number="20" hits="0" branch="false" />
            <line number="21" hits="0" branch="false" />
            <line number="22" hits="0" branch="false" />
            <line number="23" hits="0" branch="false" />
            <line number="24" hits="0" branch="false" />
            <line number="25" hits="0" branch="false" />
            <line number="26" hits="0" branch="false" />
            <line number="27" hits="0" branch="false" />
            <line number="28" hits="0" branch="false" />
            <line number="29" hits="0" branch="false" />
            <line number="30" hits="0" branch="false" />
            <line number="31" hits="0" branch="false" />
            <line number="32" hits="0" branch="false" />
            <line number="33" hits="0" branch="false" />
            <line number="34" hits="0" branch="false" />
            <line number="35" hits="0" branch="false" />
            <line number="36" hits="0" branch="false" />
            <line number="37" hits="0" branch="false" />
            <line number="38" hits="0" branch="false" />
            <line number="39" hits="0" branch="false" />
            <line number="40" hits="0" branch="false" />
            <line number="41" hits="0" branch="false" />
            <line number="42" hits="0" branch="false" />
            <line number="43" hits="0" branch="false" />
            <line number="44" hits="0" branch="false" />
            <line number="45" hits="0" branch="false" />
            <line number="47" hits="0" branch="false" />
            <line number="48" hits="0" branch="false" />
            <line number="49" hits="0" branch="false" />
            <line number="50" hits="0" branch="false" />
            <line number="51" hits="0" branch="false" />
            <line number="52" hits="0" branch="false" />
            <line number="53" hits="0" branch="false" />
            <line number="54" hits="0" branch="false" />
            <line number="55" hits="0" branch="false" />
            <line number="56" hits="0" branch="false" />
            <line number="57" hits="0" branch="false" />
            <line number="58" hits="0" branch="false" />
            <line number="59" hits="0" branch="false" />
            <line number="60" hits="0" branch="false" />
            <line number="61" hits="0" branch="false" />
            <line number="62" hits="0" branch="false" />
            <line number="63" hits="0" branch="false" />
            <line number="64" hits="0" branch="false" />
            <line number="65" hits="0" branch="false" />
            <line number="66" hits="0" branch="false" />
            <line number="67" hits="0" branch="false" />
            <line number="68" hits="0" branch="false" />
            <line number="69" hits="0" branch="false" />
            <line number="70" hits="0" branch="false" />
            <line number="71" hits="0" branch="false" />
            <line number="72" hits="0" branch="false" />
            <line number="73" hits="0" branch="false" />
            <line number="74" hits="0" branch="false" />
            <line number="75" hits="0" branch="false" />
            <line number="76" hits="0" branch="false" />
            <line number="77" hits="0" branch="false" />
            <line number="79" hits="0" branch="false" />
            <line number="80" hits="0" branch="false" />
            <line number="81" hits="0" branch="false" />
            <line number="82" hits="0" branch="false" />
            <line number="83" hits="0" branch="false" />
            <line number="84" hits="0" branch="false" />
            <line number="85" hits="0" branch="false" />
            <line number="86" hits="0" branch="false" />
            <line number="87" hits="0" branch="false" />
            <line number="88" hits="0" branch="false" />
            <line number="89" hits="0" branch="false" />
            <line number="90" hits="0" branch="false" />
            <line number="91" hits="0" branch="false" />
            <line number="92" hits="0" branch="false" />
            <line number="93" hits="0" branch="false" />
            <line number="94" hits="0" branch="false" />
            <line number="95" hits="0" branch="false" />
            <line number="96" hits="0" branch="false" />
            <line number="97" hits="0" branch="false" />
            <line number="98" hits="0" branch="false" />
            <line number="99" hits="0" branch="false" />
            <line number="100" hits="0" branch="false" />
            <line number="101" hits="0" branch="false" />
            <line number="102" hits="0" branch="false" />
            <line number="103" hits="0" branch="false" />
            <line number="104" hits="0" branch="false" />
            <line number="105" hits="0" branch="false" />
            <line number="106" hits="0" branch="false" />
            <line number="107" hits="0" branch="false" />
            <line number="108" hits="0" branch="false" />
            <line number="109" hits="0" branch="false" />
            <line number="110" hits="0" branch="false" />
          </lines>
        </class>
        <class name="UnitTestProject.test.services.DatabaseImageTableServicesTest" filename="D:\codingProj\tester\UnitTestProject\test\services\DatabaseImageTableServicesTest.cs" line-rate="0" branch-rate="1" complexity="1">
          <methods>
            <method name="DatabaseImageTableServicesTest_ctor" signature="()" line-rate="0" branch-rate="1" complexity="1">
              <lines>
                <line number="12" hits="0" branch="false" />
                <line number="13" hits="0" branch="false" />
                <line number="14" hits="0" branch="false" />
                <line number="15" hits="0" branch="false" />
              </lines>
            </method>
          </methods>
          <lines>
            <line number="12" hits="0" branch="false" />
            <line number="13" hits="0" branch="false" />
            <line number="14" hits="0" branch="false" />
            <line number="15" hits="0" branch="false" />
          </lines>
        </class>
        <class name="UnitTestProject.test.services.ImageUploaderTest" filename="D:\codingProj\tester\UnitTestProject\test\services\ImageUploaderTest.cs" line-rate="0" branch-rate="1" complexity="1">
          <methods>
            <method name="ImageUploaderTest_ctor" signature="()" line-rate="0" branch-rate="1" complexity="1">
              <lines>
                <line number="12" hits="0" branch="false" />
                <line number="13" hits="0" branch="false" />
                <line number="14" hits="0" branch="false" />
                <line number="15" hits="0" branch="false" />
              </lines>
            </method>
          </methods>
          <lines>
            <line number="12" hits="0" branch="false" />
            <line number="13" hits="0" branch="false" />
            <line number="14" hits="0" branch="false" />
            <line number="15" hits="0" branch="false" />
          </lines>
        </class>
        <class name="UnitTestProject.test.services.login.LoginServicesTest" filename="D:\codingProj\tester\UnitTestProject\test\services\login\LoginServicesTest.cs" line-rate="0" branch-rate="1" complexity="1">
          <methods>
            <method name="LoginServicesTest_ctor" signature="()" line-rate="0" branch-rate="1" complexity="1">
              <lines>
                <line number="12" hits="0" branch="false" />
                <line number="13" hits="0" branch="false" />
                <line number="14" hits="0" branch="false" />
                <line number="16" hits="0" branch="false" />
                <line number="17" hits="0" branch="false" />
                <line number="18" hits="0" branch="false" />
                <line number="19" hits="0" branch="false" />
                <line number="20" hits="0" branch="false" />
                <line number="21" hits="0" branch="false" />
              </lines>
            </method>
          </methods>
          <lines>
            <line number="12" hits="0" branch="false" />
            <line number="13" hits="0" branch="false" />
            <line number="14" hits="0" branch="false" />
            <line number="16" hits="0" branch="false" />
            <line number="17" hits="0" branch="false" />
            <line number="18" hits="0" branch="false" />
            <line number="19" hits="0" branch="false" />
            <line number="20" hits="0" branch="false" />
            <line number="21" hits="0" branch="false" />
          </lines>
        </class>
        <class name="UnitTestProject.test.services.UserServicesTest" filename="D:\codingProj\tester\UnitTestProject\test\services\UserServicesTest.cs" line-rate="0" branch-rate="0" complexity="12">
          <methods>
            <method name="UserServicesTest_ctor" signature="()" line-rate="0" branch-rate="0" complexity="12">
              <lines>
                <line number="13" hits="0" branch="false" />
                <line number="14" hits="0" branch="false" />
                <line number="16" hits="0" branch="false" />
                <line number="17" hits="0" branch="true" condition-coverage="0% (0/2)" />
                <line number="18" hits="0" branch="false" />
                <line number="19" hits="0" branch="true" condition-coverage="0% (0/2)" />
                <line number="20" hits="0" branch="true" condition-coverage="0% (0/2)" />
                <line number="21" hits="0" branch="true" condition-coverage="0% (0/2)" />
                <line number="22" hits="0" branch="true" condition-coverage="0% (0/2)" />
                <line number="23" hits="0" branch="false" />
              </lines>
            </method>
          </methods>
          <lines>
            <line number="13" hits="0" branch="false" />
            <line number="14" hits="0" branch="false" />
            <line number="16" hits="0" branch="false" />
            <line number="17" hits="0" branch="true" condition-coverage="0% (0/2)" />
            <line number="18" hits="0" branch="false" />
            <line number="19" hits="0" branch="true" condition-coverage="0% (0/2)" />
            <line number="20" hits="0" branch="true" condition-coverage="0% (0/2)" />
            <line number="21" hits="0" branch="true" condition-coverage="0% (0/2)" />
            <line number="22" hits="0" branch="true" condition-coverage="0% (0/2)" />
            <line number="23" hits="0" branch="false" />
          </lines>
        </class>
        <class name="UnitTestProject.test.services.VietnameseStringNormalizerTest" filename="D:\codingProj\tester\UnitTestProject\test\services\VietnameseStringNormalizerTest.cs" line-rate="0" branch-rate="1" complexity="1">
          <methods>
            <method name="VietnameseStringNormalizerTest_ctor" signature="()" line-rate="0" branch-rate="1" complexity="1">
              <lines>
                <line number="12" hits="0" branch="false" />
                <line number="13" hits="0" branch="false" />
                <line number="14" hits="0" branch="false" />
                <line number="16" hits="0" branch="false" />
                <line number="17" hits="0" branch="false" />
                <line number="18" hits="0" branch="false" />
              </lines>
            </method>
          </methods>
          <lines>
            <line number="12" hits="0" branch="false" />
            <line number="13" hits="0" branch="false" />
            <line number="14" hits="0" branch="false" />
            <line number="16" hits="0" branch="false" />
            <line number="17" hits="0" branch="false" />
            <line number="18" hits="0" branch="false" />
          </lines>
        </class>
        <class name="UnitTestProject.test.viewModels.Dashboard.classTest.ClassDataStoreTest" filename="D:\codingProj\tester\UnitTestProject\test\viewModels\Dashboard\classTest\ClassDataStoreTest.cs" line-rate="0" branch-rate="1" complexity="1">
          <methods>
            <method name="ClassDataStoreTest_ctor" signature="()" line-rate="0" branch-rate="1" complexity="1">
              <lines>
                <line number="12" hits="0" branch="false" />
                <line number="13" hits="0" branch="false" />
                <line number="14" hits="0" branch="false" />
                <line number="15" hits="0" branch="false" />
                <line number="16" hits="0" branch="false" />
                <line number="17" hits="0" branch="false" />
                <line number="18" hits="0" branch="false" />
              </lines>
            </method>
          </methods>
          <lines>
            <line number="12" hits="0" branch="false" />
            <line number="13" hits="0" branch="false" />
            <line number="14" hits="0" branch="false" />
            <line number="15" hits="0" branch="false" />
            <line number="16" hits="0" branch="false" />
            <line number="17" hits="0" branch="false" />
            <line number="18" hits="0" branch="false" />
          </lines>
        </class>
        <class name="UnitTestProject.test.viewModels.Dashboard.classTest.ClassDetailViewModelTest" filename="D:\codingProj\tester\UnitTestProject\test\viewModels\Dashboard\classTest\ClassDetailViewModelTest.cs" line-rate="0" branch-rate="1" complexity="1">
          <methods>
            <method name="ClassDetailViewModelTest_ctor" signature="()" line-rate="0" branch-rate="1" complexity="1">
              <lines>
                <line number="12" hits="0" branch="false" />
                <line number="13" hits="0" branch="false" />
                <line number="14" hits="0" branch="false" />
                <line number="15" hits="0" branch="false" />
                <line number="16" hits="0" branch="false" />
                <line number="17" hits="0" branch="false" />
                <line number="18" hits="0" branch="false" />
                <line number="19" hits="0" branch="false" />
                <line number="20" hits="0" branch="false" />
                <line number="22" hits="0" branch="false" />
                <line number="23" hits="0" branch="false" />
                <line number="25" hits="0" branch="false" />
                <line number="26" hits="0" branch="false" />
                <line number="29" hits="0" branch="false" />
              </lines>
            </method>
          </methods>
          <lines>
            <line number="12" hits="0" branch="false" />
            <line number="13" hits="0" branch="false" />
            <line number="14" hits="0" branch="false" />
            <line number="15" hits="0" branch="false" />
            <line number="16" hits="0" branch="false" />
            <line number="17" hits="0" branch="false" />
            <line number="18" hits="0" branch="false" />
            <line number="19" hits="0" branch="false" />
            <line number="20" hits="0" branch="false" />
            <line number="22" hits="0" branch="false" />
            <line number="23" hits="0" branch="false" />
            <line number="25" hits="0" branch="false" />
            <line number="26" hits="0" branch="false" />
            <line number="29" hits="0" branch="false" />
          </lines>
        </class>
        <class name="UnitTestProject.test.viewModels.Dashboard.classTest.ClassListingViewModelTest" filename="D:\codingProj\tester\UnitTestProject\test\viewModels\Dashboard\classTest\ClassListingViewModelTest.cs" line-rate="0" branch-rate="1" complexity="1">
          <methods>
            <method name="ClassListingViewModelTest_ctor" signature="()" line-rate="0" branch-rate="1" complexity="1">
              <lines>
                <line number="13" hits="0" branch="false" />
                <line number="14" hits="0" branch="false" />
                <line number="15" hits="0" branch="false" />
                <line number="16" hits="0" branch="false" />
                <line number="17" hits="0" branch="false" />
                <line number="18" hits="0" branch="false" />
                <line number="19" hits="0" branch="false" />
                <line number="20" hits="0" branch="false" />
                <line number="21" hits="0" branch="false" />
                <line number="22" hits="0" branch="false" />
                <line number="23" hits="0" branch="false" />
                <line number="24" hits="0" branch="false" />
                <line number="25" hits="0" branch="false" />
                <line number="26" hits="0" branch="false" />
                <line number="28" hits="0" branch="false" />
                <line number="29" hits="0" branch="false" />
                <line number="30" hits="0" branch="false" />
                <line number="31" hits="0" branch="false" />
                <line number="32" hits="0" branch="false" />
                <line number="34" hits="0" branch="false" />
                <line number="35" hits="0" branch="false" />
                <line number="37" hits="0" branch="false" />
              </lines>
            </method>
          </methods>
          <lines>
            <line number="13" hits="0" branch="false" />
            <line number="14" hits="0" branch="false" />
            <line number="15" hits="0" branch="false" />
            <line number="16" hits="0" branch="false" />
            <line number="17" hits="0" branch="false" />
            <line number="18" hits="0" branch="false" />
            <line number="19" hits="0" branch="false" />
            <line number="20" hits="0" branch="false" />
            <line number="21" hits="0" branch="false" />
            <line number="22" hits="0" branch="false" />
            <line number="23" hits="0" branch="false" />
            <line number="24" hits="0" branch="false" />
            <line number="25" hits="0" branch="false" />
            <line number="26" hits="0" branch="false" />
            <line number="28" hits="0" branch="false" />
            <line number="29" hits="0" branch="false" />
            <line number="30" hits="0" branch="false" />
            <line number="31" hits="0" branch="false" />
            <line number="32" hits="0" branch="false" />
            <line number="34" hits="0" branch="false" />
            <line number="35" hits="0" branch="false" />
            <line number="37" hits="0" branch="false" />
          </lines>
        </class>
        <class name="UnitTestProject.test.viewModels.Dashboard.ConfirmInformationViewModelTest" filename="D:\codingProj\tester\UnitTestProject\test\viewModels\Dashboard\ConfirmInformationViewModelTest.cs" line-rate="0" branch-rate="1" complexity="1">
          <methods>
            <method name="ConfirmInformationViewModelTest_ctor" signature="()" line-rate="0" branch-rate="1" complexity="1">
              <lines>
                <line number="12" hits="0" branch="false" />
                <line number="13" hits="0" branch="false" />
                <line number="14" hits="0" branch="false" />
                <line number="15" hits="0" branch="false" />
                <line number="17" hits="0" branch="false" />
                <line number="18" hits="0" branch="false" />
                <line number="20" hits="0" branch="false" />
              </lines>
            </method>
          </methods>
          <lines>
            <line number="12" hits="0" branch="false" />
            <line number="13" hits="0" branch="false" />
            <line number="14" hits="0" branch="false" />
            <line number="15" hits="0" branch="false" />
            <line number="17" hits="0" branch="false" />
            <line number="18" hits="0" branch="false" />
            <line number="20" hits="0" branch="false" />
          </lines>
        </class>
        <class name="UnitTestProject.test.viewModels.Dashboard.educationTest.component.InformationViewModelTest" filename="D:\codingProj\tester\UnitTestProject\test\viewModels\Dashboard\educationTest\component\InformationViewModelTest.cs" line-rate="0" branch-rate="1" complexity="1">
          <methods>
            <method name="InformationViewModelTest_successful" signature="()" line-rate="0" branch-rate="1" complexity="1">
              <lines>
                <line number="13" hits="0" branch="false" />
                <line number="14" hits="0" branch="false" />
                <line number="15" hits="0" branch="false" />
                <line number="16" hits="0" branch="false" />
                <line number="17" hits="0" branch="false" />
                <line number="18" hits="0" branch="false" />
                <line number="19" hits="0" branch="false" />
                <line number="20" hits="0" branch="false" />
                <line number="21" hits="0" branch="false" />
                <line number="22" hits="0" branch="false" />
                <line number="23" hits="0" branch="false" />
                <line number="24" hits="0" branch="false" />
                <line number="25" hits="0" branch="false" />
                <line number="27" hits="0" branch="false" />
                <line number="28" hits="0" branch="false" />
                <line number="29" hits="0" branch="false" />
                <line number="30" hits="0" branch="false" />
                <line number="31" hits="0" branch="false" />
                <line number="32" hits="0" branch="false" />
              </lines>
            </method>
          </methods>
          <lines>
            <line number="13" hits="0" branch="false" />
            <line number="14" hits="0" branch="false" />
            <line number="15" hits="0" branch="false" />
            <line number="16" hits="0" branch="false" />
            <line number="17" hits="0" branch="false" />
            <line number="18" hits="0" branch="false" />
            <line number="19" hits="0" branch="false" />
            <line number="20" hits="0" branch="false" />
            <line number="21" hits="0" branch="false" />
            <line number="22" hits="0" branch="false" />
            <line number="23" hits="0" branch="false" />
            <line number="24" hits="0" branch="false" />
            <line number="25" hits="0" branch="false" />
            <line number="27" hits="0" branch="false" />
            <line number="28" hits="0" branch="false" />
            <line number="29" hits="0" branch="false" />
            <line number="30" hits="0" branch="false" />
            <line number="31" hits="0" branch="false" />
            <line number="32" hits="0" branch="false" />
          </lines>
        </class>
        <class name="UnitTestProject.test.viewModels.Dashboard.educationTest.component.ResultViewModelTest" filename="D:\codingProj\tester\UnitTestProject\test\viewModels\Dashboard\educationTest\component\ResultViewModelTest.cs" line-rate="0" branch-rate="1" complexity="4">
          <methods>
            <method name=".ctor" signature="()" line-rate="0" branch-rate="1" complexity="1">
              <lines>
                <line number="17" hits="0" branch="false" />
                <line number="18" hits="0" branch="false" />
                <line number="19" hits="0" branch="false" />
                <line number="20" hits="0" branch="false" />
                <line number="21" hits="0" branch="false" />
                <line number="22" hits="0" branch="false" />
                <line number="23" hits="0" branch="false" />
                <line number="24" hits="0" branch="false" />
                <line number="25" hits="0" branch="false" />
                <line number="26" hits="0" branch="false" />
                <line number="27" hits="0" branch="false" />
                <line number="28" hits="0" branch="false" />
                <line number="29" hits="0" branch="false" />
                <line number="30" hits="0" branch="false" />
                <line number="31" hits="0" branch="false" />
              </lines>
            </method>
            <method name="ResultViewModelTest_ctor_successful" signature="()" line-rate="0" branch-rate="1" complexity="1">
              <lines>
                <line number="35" hits="0" branch="false" />
                <line number="36" hits="0" branch="false" />
                <line number="37" hits="0" branch="false" />
                <line number="38" hits="0" branch="false" />
                <line number="40" hits="0" branch="false" />
                <line number="41" hits="0" branch="false" />
                <line number="42" hits="0" branch="false" />
              </lines>
            </method>
            <method name="ResultViewModelTest_TeacherResultDisplays" signature="()" line-rate="0" branch-rate="1" complexity="1">
              <lines>
                <line number="46" hits="0" branch="false" />
                <line number="47" hits="0" branch="false" />
                <line number="48" hits="0" branch="false" />
                <line number="49" hits="0" branch="false" />
                <line number="50" hits="0" branch="false" />
                <line number="51" hits="0" branch="false" />
                <line number="52" hits="0" branch="false" />
                <line number="53" hits="0" branch="false" />
                <line number="54" hits="0" branch="false" />
                <line number="55" hits="0" branch="false" />
                <line number="56" hits="0" branch="false" />
                <line number="57" hits="0" branch="false" />
                <line number="58" hits="0" branch="false" />
                <line number="59" hits="0" branch="false" />
                <line number="60" hits="0" branch="false" />
                <line number="61" hits="0" branch="false" />
                <line number="62" hits="0" branch="false" />
                <line number="63" hits="0" branch="false" />
                <line number="64" hits="0" branch="false" />
                <line number="65" hits="0" branch="false" />
                <line number="66" hits="0" branch="false" />
                <line number="67" hits="0" branch="false" />
                <line number="68" hits="0" branch="false" />
                <line number="69" hits="0" branch="false" />
                <line number="70" hits="0" branch="false" />
                <line number="71" hits="0" branch="false" />
                <line number="72" hits="0" branch="false" />
                <line number="73" hits="0" branch="false" />
                <line number="74" hits="0" branch="false" />
                <line number="75" hits="0" branch="false" />
                <line number="77" hits="0" branch="false" />
              </lines>
            </method>
            <method name="ResultViewModelTest_StudentResultDisplay" signature="()" line-rate="0" branch-rate="1" complexity="1">
              <lines>
                <line number="81" hits="0" branch="false" />
                <line number="82" hits="0" branch="false" />
                <line number="83" hits="0" branch="false" />
                <line number="84" hits="0" branch="false" />
                <line number="85" hits="0" branch="false" />
                <line number="86" hits="0" branch="false" />
                <line number="87" hits="0" branch="false" />
                <line number="88" hits="0" branch="false" />
                <line number="89" hits="0" branch="false" />
                <line number="90" hits="0" branch="false" />
                <line number="91" hits="0" branch="false" />
                <line number="92" hits="0" branch="false" />
                <line number="93" hits="0" branch="false" />
                <line number="94" hits="0" branch="false" />
                <line number="95" hits="0" branch="false" />
                <line number="96" hits="0" branch="false" />
                <line number="97" hits="0" branch="false" />
                <line number="98" hits="0" branch="false" />
                <line number="99" hits="0" branch="false" />
                <line number="100" hits="0" branch="false" />
                <line number="101" hits="0" branch="false" />
                <line number="103" hits="0" branch="false" />
                <line number="104" hits="0" branch="false" />
              </lines>
            </method>
          </methods>
          <lines>
            <line number="17" hits="0" branch="false" />
            <line number="18" hits="0" branch="false" />
            <line number="19" hits="0" branch="false" />
            <line number="20" hits="0" branch="false" />
            <line number="21" hits="0" branch="false" />
            <line number="22" hits="0" branch="false" />
            <line number="23" hits="0" branch="false" />
            <line number="24" hits="0" branch="false" />
            <line number="25" hits="0" branch="false" />
            <line number="26" hits="0" branch="false" />
            <line number="27" hits="0" branch="false" />
            <line number="28" hits="0" branch="false" />
            <line number="29" hits="0" branch="false" />
            <line number="30" hits="0" branch="false" />
            <line number="31" hits="0" branch="false" />
            <line number="35" hits="0" branch="false" />
            <line number="36" hits="0" branch="false" />
            <line number="37" hits="0" branch="false" />
            <line number="38" hits="0" branch="false" />
            <line number="40" hits="0" branch="false" />
            <line number="41" hits="0" branch="false" />
            <line number="42" hits="0" branch="false" />
            <line number="46" hits="0" branch="false" />
            <line number="47" hits="0" branch="false" />
            <line number="48" hits="0" branch="false" />
            <line number="49" hits="0" branch="false" />
            <line number="50" hits="0" branch="false" />
            <line number="51" hits="0" branch="false" />
            <line number="52" hits="0" branch="false" />
            <line number="53" hits="0" branch="false" />
            <line number="54" hits="0" branch="false" />
            <line number="55" hits="0" branch="false" />
            <line number="56" hits="0" branch="false" />
            <line number="57" hits="0" branch="false" />
            <line number="58" hits="0" branch="false" />
            <line number="59" hits="0" branch="false" />
            <line number="60" hits="0" branch="false" />
            <line number="61" hits="0" branch="false" />
            <line number="62" hits="0" branch="false" />
            <line number="63" hits="0" branch="false" />
            <line number="64" hits="0" branch="false" />
            <line number="65" hits="0" branch="false" />
            <line number="66" hits="0" branch="false" />
            <line number="67" hits="0" branch="false" />
            <line number="68" hits="0" branch="false" />
            <line number="69" hits="0" branch="false" />
            <line number="70" hits="0" branch="false" />
            <line number="71" hits="0" branch="false" />
            <line number="72" hits="0" branch="false" />
            <line number="73" hits="0" branch="false" />
            <line number="74" hits="0" branch="false" />
            <line number="75" hits="0" branch="false" />
            <line number="77" hits="0" branch="false" />
            <line number="81" hits="0" branch="false" />
            <line number="82" hits="0" branch="false" />
            <line number="83" hits="0" branch="false" />
            <line number="84" hits="0" branch="false" />
            <line number="85" hits="0" branch="false" />
            <line number="86" hits="0" branch="false" />
            <line number="87" hits="0" branch="false" />
            <line number="88" hits="0" branch="false" />
            <line number="89" hits="0" branch="false" />
            <line number="90" hits="0" branch="false" />
            <line number="91" hits="0" branch="false" />
            <line number="92" hits="0" branch="false" />
            <line number="93" hits="0" branch="false" />
            <line number="94" hits="0" branch="false" />
            <line number="95" hits="0" branch="false" />
            <line number="96" hits="0" branch="false" />
            <line number="97" hits="0" branch="false" />
            <line number="98" hits="0" branch="false" />
            <line number="99" hits="0" branch="false" />
            <line number="100" hits="0" branch="false" />
            <line number="101" hits="0" branch="false" />
            <line number="103" hits="0" branch="false" />
            <line number="104" hits="0" branch="false" />
          </lines>
        </class>
        <class name="UnitTestProject.test.viewModels.Dashboard.educationTest.component.ScheduleViewModelTest" filename="D:\codingProj\tester\UnitTestProject\test\viewModels\Dashboard\educationTest\component\ScheduleViewModelTest.cs" line-rate="0" branch-rate="1" complexity="1">
          <methods>
            <method name="ScheduleViewModelTest_successful" signature="()" line-rate="0" branch-rate="1" complexity="1">
              <lines>
                <line number="14" hits="0" branch="false" />
                <line number="15" hits="0" branch="false" />
                <line number="16" hits="0" branch="false" />
                <line number="17" hits="0" branch="false" />
                <line number="18" hits="0" branch="false" />
                <line number="19" hits="0" branch="false" />
                <line number="20" hits="0" branch="false" />
                <line number="21" hits="0" branch="false" />
                <line number="22" hits="0" branch="false" />
                <line number="23" hits="0" branch="false" />
                <line number="24" hits="0" branch="false" />
                <line number="25" hits="0" branch="false" />
                <line number="26" hits="0" branch="false" />
                <line number="28" hits="0" branch="false" />
                <line number="29" hits="0" branch="false" />
                <line number="31" hits="0" branch="false" />
                <line number="32" hits="0" branch="false" />
                <line number="33" hits="0" branch="false" />
              </lines>
            </method>
          </methods>
          <lines>
            <line number="14" hits="0" branch="false" />
            <line number="15" hits="0" branch="false" />
            <line number="16" hits="0" branch="false" />
            <line number="17" hits="0" branch="false" />
            <line number="18" hits="0" branch="false" />
            <line number="19" hits="0" branch="false" />
            <line number="20" hits="0" branch="false" />
            <line number="21" hits="0" branch="false" />
            <line number="22" hits="0" branch="false" />
            <line number="23" hits="0" branch="false" />
            <line number="24" hits="0" branch="false" />
            <line number="25" hits="0" branch="false" />
            <line number="26" hits="0" branch="false" />
            <line number="28" hits="0" branch="false" />
            <line number="29" hits="0" branch="false" />
            <line number="31" hits="0" branch="false" />
            <line number="32" hits="0" branch="false" />
            <line number="33" hits="0" branch="false" />
          </lines>
        </class>
        <class name="UnitTestProject.test.viewModels.Dashboard.educationTest.EducationViewModelTest" filename="D:\codingProj\tester\UnitTestProject\test\viewModels\Dashboard\educationTest\EducationViewModelTest.cs" line-rate="0" branch-rate="1" complexity="1">
          <methods>
            <method name="EducationViewModelTest_succesful" signature="()" line-rate="0" branch-rate="1" complexity="1">
              <lines>
                <line number="12" hits="0" branch="false" />
                <line number="13" hits="0" branch="false" />
                <line number="14" hits="0" branch="false" />
                <line number="16" hits="0" branch="false" />
                <line number="17" hits="0" branch="false" />
                <line number="18" hits="0" branch="false" />
              </lines>
            </method>
          </methods>
          <lines>
            <line number="12" hits="0" branch="false" />
            <line number="13" hits="0" branch="false" />
            <line number="14" hits="0" branch="false" />
            <line number="16" hits="0" branch="false" />
            <line number="17" hits="0" branch="false" />
            <line number="18" hits="0" branch="false" />
          </lines>
        </class>
        <class name="UnitTestProject.test.viewModels.Dashboard.FindViewModelTest" filename="D:\codingProj\tester\UnitTestProject\test\viewModels\Dashboard\FindViewModelTest.cs" line-rate="0" branch-rate="1" complexity="1">
          <methods>
            <method name="FindViewModelTest_ctor" signature="()" line-rate="0" branch-rate="1" complexity="1">
              <lines>
                <line number="12" hits="0" branch="false" />
                <line number="13" hits="0" branch="false" />
                <line number="14" hits="0" branch="false" />
                <line number="15" hits="0" branch="false" />
                <line number="16" hits="0" branch="false" />
                <line number="17" hits="0" branch="false" />
                <line number="19" hits="0" branch="false" />
                <line number="20" hits="0" branch="false" />
                <line number="21" hits="0" branch="false" />
                <line number="22" hits="0" branch="false" />
              </lines>
            </method>
          </methods>
          <lines>
            <line number="12" hits="0" branch="false" />
            <line number="13" hits="0" branch="false" />
            <line number="14" hits="0" branch="false" />
            <line number="15" hits="0" branch="false" />
            <line number="16" hits="0" branch="false" />
            <line number="17" hits="0" branch="false" />
            <line number="19" hits="0" branch="false" />
            <line number="20" hits="0" branch="false" />
            <line number="21" hits="0" branch="false" />
            <line number="22" hits="0" branch="false" />
          </lines>
        </class>
        <class name="UnitTestProject.test.viewModels.Dashboard.HomeViewModelTest" filename="D:\codingProj\tester\UnitTestProject\test\viewModels\Dashboard\HomeViewModelTest.cs" line-rate="0" branch-rate="1" complexity="1">
          <methods>
            <method name="HomeViewModelTest_ctor" signature="()" line-rate="0" branch-rate="1" complexity="1">
              <lines>
                <line number="13" hits="0" branch="false" />
                <line number="14" hits="0" branch="false" />
                <line number="15" hits="0" branch="false" />
                <line number="17" hits="0" branch="false" />
                <line number="18" hits="0" branch="false" />
                <line number="19" hits="0" branch="false" />
                <line number="20" hits="0" branch="false" />
                <line number="21" hits="0" branch="false" />
                <line number="22" hits="0" branch="false" />
                <line number="23" hits="0" branch="false" />
                <line number="24" hits="0" branch="false" />
                <line number="25" hits="0" branch="false" />
                <line number="27" hits="0" branch="false" />
                <line number="28" hits="0" branch="false" />
                <line number="30" hits="0" branch="false" />
                <line number="31" hits="0" branch="false" />
                <line number="33" hits="0" branch="false" />
                <line number="34" hits="0" branch="false" />
                <line number="36" hits="0" branch="false" />
                <line number="37" hits="0" branch="false" />
                <line number="38" hits="0" branch="false" />
                <line number="39" hits="0" branch="false" />
              </lines>
            </method>
          </methods>
          <lines>
            <line number="13" hits="0" branch="false" />
            <line number="14" hits="0" branch="false" />
            <line number="15" hits="0" branch="false" />
            <line number="17" hits="0" branch="false" />
            <line number="18" hits="0" branch="false" />
            <line number="19" hits="0" branch="false" />
            <line number="20" hits="0" branch="false" />
            <line number="21" hits="0" branch="false" />
            <line number="22" hits="0" branch="false" />
            <line number="23" hits="0" branch="false" />
            <line number="24" hits="0" branch="false" />
            <line number="25" hits="0" branch="false" />
            <line number="27" hits="0" branch="false" />
            <line number="28" hits="0" branch="false" />
            <line number="30" hits="0" branch="false" />
            <line number="31" hits="0" branch="false" />
            <line number="33" hits="0" branch="false" />
            <line number="34" hits="0" branch="false" />
            <line number="36" hits="0" branch="false" />
            <line number="37" hits="0" branch="false" />
            <line number="38" hits="0" branch="false" />
            <line number="39" hits="0" branch="false" />
          </lines>
        </class>
        <class name="UnitTestProject.test.viewModels.Dashboard.ProfileViewModelTest" filename="D:\codingProj\tester\UnitTestProject\test\viewModels\Dashboard\ProfileViewModelTest.cs" line-rate="0" branch-rate="1" complexity="1">
          <methods>
            <method name="ProfileViewModelTest_ctor" signature="()" line-rate="0" branch-rate="1" complexity="1">
              <lines>
                <line number="13" hits="0" branch="false" />
                <line number="14" hits="0" branch="false" />
                <line number="15" hits="0" branch="false" />
                <line number="16" hits="0" branch="false" />
                <line number="17" hits="0" branch="false" />
                <line number="18" hits="0" branch="false" />
                <line number="19" hits="0" branch="false" />
                <line number="20" hits="0" branch="false" />
                <line number="21" hits="0" branch="false" />
                <line number="22" hits="0" branch="false" />
                <line number="24" hits="0" branch="false" />
                <line number="25" hits="0" branch="false" />
                <line number="26" hits="0" branch="false" />
                <line number="27" hits="0" branch="false" />
                <line number="28" hits="0" branch="false" />
                <line number="30" hits="0" branch="false" />
                <line number="31" hits="0" branch="false" />
                <line number="32" hits="0" branch="false" />
                <line number="34" hits="0" branch="false" />
                <line number="35" hits="0" branch="false" />
                <line number="36" hits="0" branch="false" />
                <line number="38" hits="0" branch="false" />
                <line number="39" hits="0" branch="false" />
                <line number="43" hits="0" branch="false" />
              </lines>
            </method>
          </methods>
          <lines>
            <line number="13" hits="0" branch="false" />
            <line number="14" hits="0" branch="false" />
            <line number="15" hits="0" branch="false" />
            <line number="16" hits="0" branch="false" />
            <line number="17" hits="0" branch="false" />
            <line number="18" hits="0" branch="false" />
            <line number="19" hits="0" branch="false" />
            <line number="20" hits="0" branch="false" />
            <line number="21" hits="0" branch="false" />
            <line number="22" hits="0" branch="false" />
            <line number="24" hits="0" branch="false" />
            <line number="25" hits="0" branch="false" />
            <line number="26" hits="0" branch="false" />
            <line number="27" hits="0" branch="false" />
            <line number="28" hits="0" branch="false" />
            <line number="30" hits="0" branch="false" />
            <line number="31" hits="0" branch="false" />
            <line number="32" hits="0" branch="false" />
            <line number="34" hits="0" branch="false" />
            <line number="35" hits="0" branch="false" />
            <line number="36" hits="0" branch="false" />
            <line number="38" hits="0" branch="false" />
            <line number="39" hits="0" branch="false" />
            <line number="43" hits="0" branch="false" />
          </lines>
        </class>
        <class name="UnitTestProject.test.viewModels.Dashboard.SettingViewModelTest" filename="D:\codingProj\tester\UnitTestProject\test\viewModels\Dashboard\SettingViewModelTest.cs" line-rate="0" branch-rate="1" complexity="1">
          <methods>
            <method name="SettingViewModelTest_ctor" signature="()" line-rate="0" branch-rate="1" complexity="1">
              <lines>
                <line number="12" hits="0" branch="false" />
                <line number="13" hits="0" branch="false" />
                <line number="14" hits="0" branch="false" />
                <line number="16" hits="0" branch="false" />
                <line number="17" hits="0" branch="false" />
                <line number="18" hits="0" branch="false" />
                <line number="21" hits="0" branch="false" />
                <line number="22" hits="0" branch="false" />
                <line number="23" hits="0" branch="false" />
                <line number="24" hits="0" branch="false" />
                <line number="26" hits="0" branch="false" />
                <line number="27" hits="0" branch="false" />
                <line number="28" hits="0" branch="false" />
                <line number="30" hits="0" branch="false" />
                <line number="31" hits="0" branch="false" />
                <line number="33" hits="0" branch="false" />
              </lines>
            </method>
          </methods>
          <lines>
            <line number="12" hits="0" branch="false" />
            <line number="13" hits="0" branch="false" />
            <line number="14" hits="0" branch="false" />
            <line number="16" hits="0" branch="false" />
            <line number="17" hits="0" branch="false" />
            <line number="18" hits="0" branch="false" />
            <line number="21" hits="0" branch="false" />
            <line number="22" hits="0" branch="false" />
            <line number="23" hits="0" branch="false" />
            <line number="24" hits="0" branch="false" />
            <line number="26" hits="0" branch="false" />
            <line number="27" hits="0" branch="false" />
            <line number="28" hits="0" branch="false" />
            <line number="30" hits="0" branch="false" />
            <line number="31" hits="0" branch="false" />
            <line number="33" hits="0" branch="false" />
          </lines>
        </class>
        <class name="UnitTestProject.test.viewModels.Dashboard.studentTest.MainStudentViewModelTest" filename="D:\codingProj\tester\UnitTestProject\test\viewModels\Dashboard\studentTest\MainStudentViewModelTest.cs" line-rate="0" branch-rate="1" complexity="1">
          <methods>
            <method name="MainStudentViewModelTest_successful" signature="()" line-rate="0" branch-rate="1" complexity="1">
              <lines>
                <line number="12" hits="0" branch="false" />
                <line number="13" hits="0" branch="false" />
                <line number="15" hits="0" branch="false" />
                <line number="16" hits="0" branch="false" />
              </lines>
            </method>
          </methods>
          <lines>
            <line number="12" hits="0" branch="false" />
            <line number="13" hits="0" branch="false" />
            <line number="15" hits="0" branch="false" />
            <line number="16" hits="0" branch="false" />
          </lines>
        </class>
        <class name="UnitTestProject.test.viewModels.Dashboard.studentTest.StudentDataStoreTest" filename="D:\codingProj\tester\UnitTestProject\test\viewModels\Dashboard\studentTest\StudentDataStoreTest.cs" line-rate="0" branch-rate="1" complexity="1">
          <methods>
            <method name="StudentDataStoreTest_successful" signature="()" line-rate="0" branch-rate="1" complexity="1">
              <lines>
                <line number="13" hits="0" branch="false" />
                <line number="14" hits="0" branch="false" />
                <line number="16" hits="0" branch="false" />
                <line number="17" hits="0" branch="false" />
                <line number="19" hits="0" branch="false" />
                <line number="20" hits="0" branch="false" />
                <line number="21" hits="0" branch="false" />
              </lines>
            </method>
          </methods>
          <lines>
            <line number="13" hits="0" branch="false" />
            <line number="14" hits="0" branch="false" />
            <line number="16" hits="0" branch="false" />
            <line number="17" hits="0" branch="false" />
            <line number="19" hits="0" branch="false" />
            <line number="20" hits="0" branch="false" />
            <line number="21" hits="0" branch="false" />
          </lines>
        </class>
        <class name="UnitTestProject.test.viewModels.Dashboard.studentTest.StudentItemViewModelTest" filename="D:\codingProj\tester\UnitTestProject\test\viewModels\Dashboard\studentTest\StudentItemViewModelTest.cs" line-rate="0" branch-rate="1" complexity="1">
          <methods>
            <method name="StudentItemViewModelTest_successful" signature="()" line-rate="0" branch-rate="1" complexity="1">
              <lines>
                <line number="12" hits="0" branch="false" />
                <line number="13" hits="0" branch="false" />
                <line number="15" hits="0" branch="false" />
                <line number="16" hits="0" branch="false" />
                <line number="17" hits="0" branch="false" />
                <line number="18" hits="0" branch="false" />
              </lines>
            </method>
          </methods>
          <lines>
            <line number="12" hits="0" branch="false" />
            <line number="13" hits="0" branch="false" />
            <line number="15" hits="0" branch="false" />
            <line number="16" hits="0" branch="false" />
            <line number="17" hits="0" branch="false" />
            <line number="18" hits="0" branch="false" />
          </lines>
        </class>
        <class name="UnitTestProject.test.viewModels.Dashboard.studentTest.StudentListingViewModelTest" filename="D:\codingProj\tester\UnitTestProject\test\viewModels\Dashboard\studentTest\StudentListingViewModelTest.cs" line-rate="0" branch-rate="1" complexity="1">
          <methods>
            <method name="StudentListingViewModelTest_successful" signature="()" line-rate="0" branch-rate="1" complexity="1">
              <lines>
                <line number="14" hits="0" branch="false" />
                <line number="15" hits="0" branch="false" />
                <line number="16" hits="0" branch="false" />
                <line number="17" hits="0" branch="false" />
                <line number="18" hits="0" branch="false" />
                <line number="19" hits="0" branch="false" />
                <line number="20" hits="0" branch="false" />
                <line number="21" hits="0" branch="false" />
                <line number="22" hits="0" branch="false" />
                <line number="23" hits="0" branch="false" />
                <line number="24" hits="0" branch="false" />
                <line number="25" hits="0" branch="false" />
                <line number="26" hits="0" branch="false" />
                <line number="27" hits="0" branch="false" />
                <line number="29" hits="0" branch="false" />
                <line number="30" hits="0" branch="false" />
                <line number="31" hits="0" branch="false" />
                <line number="33" hits="0" branch="false" />
                <line number="34" hits="0" branch="false" />
                <line number="35" hits="0" branch="false" />
                <line number="36" hits="0" branch="false" />
                <line number="39" hits="0" branch="false" />
              </lines>
            </method>
          </methods>
          <lines>
            <line number="14" hits="0" branch="false" />
            <line number="15" hits="0" branch="false" />
            <line number="16" hits="0" branch="false" />
            <line number="17" hits="0" branch="false" />
            <line number="18" hits="0" branch="false" />
            <line number="19" hits="0" branch="false" />
            <line number="20" hits="0" branch="false" />
            <line number="21" hits="0" branch="false" />
            <line number="22" hits="0" branch="false" />
            <line number="23" hits="0" branch="false" />
            <line number="24" hits="0" branch="false" />
            <line number="25" hits="0" branch="false" />
            <line number="26" hits="0" branch="false" />
            <line number="27" hits="0" branch="false" />
            <line number="29" hits="0" branch="false" />
            <line number="30" hits="0" branch="false" />
            <line number="31" hits="0" branch="false" />
            <line number="33" hits="0" branch="false" />
            <line number="34" hits="0" branch="false" />
            <line number="35" hits="0" branch="false" />
            <line number="36" hits="0" branch="false" />
            <line number="39" hits="0" branch="false" />
          </lines>
        </class>
        <class name="UnitTestProject.test.viewModels.Dashboard.subjectTest.SubjectViewModelTest" filename="D:\codingProj\tester\UnitTestProject\test\viewModels\Dashboard\subjectTest\SubjectViewModelTest.cs" line-rate="0" branch-rate="1" complexity="1">
          <methods>
            <method name="SubjectViewModelTest_successful" signature="()" line-rate="0" branch-rate="1" complexity="1">
              <lines>
                <line number="12" hits="0" branch="false" />
                <line number="13" hits="0" branch="false" />
                <line number="15" hits="0" branch="false" />
                <line number="16" hits="0" branch="false" />
                <line number="17" hits="0" branch="false" />
                <line number="19" hits="0" branch="false" />
                <line number="20" hits="0" branch="false" />
                <line number="21" hits="0" branch="false" />
                <line number="22" hits="0" branch="false" />
                <line number="23" hits="0" branch="false" />
              </lines>
            </method>
          </methods>
          <lines>
            <line number="12" hits="0" branch="false" />
            <line number="13" hits="0" branch="false" />
            <line number="15" hits="0" branch="false" />
            <line number="16" hits="0" branch="false" />
            <line number="17" hits="0" branch="false" />
            <line number="19" hits="0" branch="false" />
            <line number="20" hits="0" branch="false" />
            <line number="21" hits="0" branch="false" />
            <line number="22" hits="0" branch="false" />
            <line number="23" hits="0" branch="false" />
          </lines>
        </class>
        <class name="UnitTestProject.test.viewModels.Dashboard.teacherTest.TeacherViewModelTest" filename="D:\codingProj\tester\UnitTestProject\test\viewModels\Dashboard\teacherTest\TeacherViewModelTest.cs" line-rate="0" branch-rate="1" complexity="1">
          <methods>
            <method name="TeacherViewModelTest_successful" signature="()" line-rate="0" branch-rate="1" complexity="1">
              <lines>
                <line number="13" hits="0" branch="false" />
                <line number="14" hits="0" branch="false" />
                <line number="16" hits="0" branch="false" />
                <line number="17" hits="0" branch="false" />
                <line number="18" hits="0" branch="false" />
                <line number="19" hits="0" branch="false" />
                <line number="20" hits="0" branch="false" />
                <line number="21" hits="0" branch="false" />
                <line number="23" hits="0" branch="false" />
                <line number="24" hits="0" branch="false" />
                <line number="25" hits="0" branch="false" />
                <line number="26" hits="0" branch="false" />
                <line number="27" hits="0" branch="false" />
                <line number="28" hits="0" branch="false" />
                <line number="29" hits="0" branch="false" />
              </lines>
            </method>
          </methods>
          <lines>
            <line number="13" hits="0" branch="false" />
            <line number="14" hits="0" branch="false" />
            <line number="16" hits="0" branch="false" />
            <line number="17" hits="0" branch="false" />
            <line number="18" hits="0" branch="false" />
            <line number="19" hits="0" branch="false" />
            <line number="20" hits="0" branch="false" />
            <line number="21" hits="0" branch="false" />
            <line number="23" hits="0" branch="false" />
            <line number="24" hits="0" branch="false" />
            <line number="25" hits="0" branch="false" />
            <line number="26" hits="0" branch="false" />
            <line number="27" hits="0" branch="false" />
            <line number="28" hits="0" branch="false" />
            <line number="29" hits="0" branch="false" />
          </lines>
        </class>
        <class name="UnitTestProject.test.viewModels.EditInformationViewModelTest" filename="D:\codingProj\tester\UnitTestProject\test\viewModels\EditInformationViewModelTest.cs" line-rate="0" branch-rate="1" complexity="1">
          <methods>
            <method name="EditInformationViewModelTest_ctor" signature="()" line-rate="0" branch-rate="1" complexity="1">
              <lines>
                <line number="13" hits="0" branch="false" />
                <line number="14" hits="0" branch="false" />
                <line number="15" hits="0" branch="false" />
                <line number="16" hits="0" branch="false" />
                <line number="18" hits="0" branch="false" />
                <line number="19" hits="0" branch="false" />
                <line number="20" hits="0" branch="false" />
                <line number="21" hits="0" branch="false" />
              </lines>
            </method>
          </methods>
          <lines>
            <line number="13" hits="0" branch="false" />
            <line number="14" hits="0" branch="false" />
            <line number="15" hits="0" branch="false" />
            <line number="16" hits="0" branch="false" />
            <line number="18" hits="0" branch="false" />
            <line number="19" hits="0" branch="false" />
            <line number="20" hits="0" branch="false" />
            <line number="21" hits="0" branch="false" />
          </lines>
        </class>
        <class name="UnitTestProject.test.viewModels.ErrorBaseViewModelTest" filename="D:\codingProj\tester\UnitTestProject\test\viewModels\ErrorBaseViewModelTest.cs" line-rate="0" branch-rate="1" complexity="1">
          <methods>
            <method name="ErrorBaseViewModelTest_ctor" signature="()" line-rate="0" branch-rate="1" complexity="1">
              <lines>
                <line number="13" hits="0" branch="false" />
                <line number="14" hits="0" branch="false" />
                <line number="15" hits="0" branch="false" />
                <line number="17" hits="0" branch="false" />
                <line number="18" hits="0" branch="false" />
                <line number="19" hits="0" branch="false" />
                <line number="21" hits="0" branch="false" />
                <line number="22" hits="0" branch="false" />
                <line number="24" hits="0" branch="false" />
                <line number="25" hits="0" branch="false" />
              </lines>
            </method>
          </methods>
          <lines>
            <line number="13" hits="0" branch="false" />
            <line number="14" hits="0" branch="false" />
            <line number="15" hits="0" branch="false" />
            <line number="17" hits="0" branch="false" />
            <line number="18" hits="0" branch="false" />
            <line number="19" hits="0" branch="false" />
            <line number="21" hits="0" branch="false" />
            <line number="22" hits="0" branch="false" />
            <line number="24" hits="0" branch="false" />
            <line number="25" hits="0" branch="false" />
          </lines>
        </class>
        <class name="UnitTestProject.test.viewModels.ExitViewModelTest" filename="D:\codingProj\tester\UnitTestProject\test\viewModels\ExitViewModelTest.cs" line-rate="0" branch-rate="1" complexity="1">
          <methods>
            <method name="ExitViewModelTest_ctor" signature="()" line-rate="0" branch-rate="1" complexity="1">
              <lines>
                <line number="12" hits="0" branch="false" />
                <line number="13" hits="0" branch="false" />
                <line number="14" hits="0" branch="false" />
                <line number="16" hits="0" branch="false" />
                <line number="17" hits="0" branch="false" />
              </lines>
            </method>
          </methods>
          <lines>
            <line number="12" hits="0" branch="false" />
            <line number="13" hits="0" branch="false" />
            <line number="14" hits="0" branch="false" />
            <line number="16" hits="0" branch="false" />
            <line number="17" hits="0" branch="false" />
          </lines>
        </class>
        <class name="UnitTestProject.test.viewModels.Login.InverseVisibilityConverterTest" filename="D:\codingProj\tester\UnitTestProject\test\viewModels\Login\InverseVisibilityConverterTest.cs" line-rate="0" branch-rate="1" complexity="1">
          <methods>
            <method name="InverseVisibilityConverterTest_successful" signature="()" line-rate="0" branch-rate="1" complexity="1">
              <lines>
                <line number="14" hits="0" branch="false" />
                <line number="15" hits="0" branch="false" />
                <line number="17" hits="0" branch="false" />
                <line number="18" hits="0" branch="false" />
                <line number="19" hits="0" branch="false" />
                <line number="20" hits="0" branch="false" />
              </lines>
            </method>
          </methods>
          <lines>
            <line number="14" hits="0" branch="false" />
            <line number="15" hits="0" branch="false" />
            <line number="17" hits="0" branch="false" />
            <line number="18" hits="0" branch="false" />
            <line number="19" hits="0" branch="false" />
            <line number="20" hits="0" branch="false" />
          </lines>
        </class>
        <class name="UnitTestProject.test.viewModels.Login.IsNullConverterTest" filename="D:\codingProj\tester\UnitTestProject\test\viewModels\Login\IsNullConverterTest.cs" line-rate="0" branch-rate="1" complexity="1">
          <methods>
            <method name="IsNullConverterTest_successful" signature="()" line-rate="0" branch-rate="1" complexity="1">
              <lines>
                <line number="13" hits="0" branch="false" />
                <line number="14" hits="0" branch="false" />
                <line number="15" hits="0" branch="false" />
                <line number="17" hits="0" branch="false" />
                <line number="18" hits="0" branch="false" />
                <line number="19" hits="0" branch="false" />
                <line number="20" hits="0" branch="false" />
              </lines>
            </method>
          </methods>
          <lines>
            <line number="13" hits="0" branch="false" />
            <line number="14" hits="0" branch="false" />
            <line number="15" hits="0" branch="false" />
            <line number="17" hits="0" branch="false" />
            <line number="18" hits="0" branch="false" />
            <line number="19" hits="0" branch="false" />
            <line number="20" hits="0" branch="false" />
          </lines>
        </class>
        <class name="UnitTestProject.test.views.EducationTest" filename="D:\codingProj\tester\UnitTestProject\test\views\EducationTest.cs" line-rate="0" branch-rate="1" complexity="1">
          <methods>
            <method name="EducationTest_ctor" signature="()" line-rate="0" branch-rate="1" complexity="1">
              <lines>
                <line number="12" hits="0" branch="false" />
                <line number="13" hits="0" branch="false" />
                <line number="14" hits="0" branch="false" />
                <line number="15" hits="0" branch="false" />
              </lines>
            </method>
          </methods>
          <lines>
            <line number="12" hits="0" branch="false" />
            <line number="13" hits="0" branch="false" />
            <line number="14" hits="0" branch="false" />
            <line number="15" hits="0" branch="false" />
          </lines>
        </class>
      </classes>
    </package>
  </packages>
</coverage>