<?xml version="1.0" encoding="utf-8"?>
<CoverageSession xmlns:xsd="http://www.w3.org/2001/XMLSchema" xmlns:xsi="http://www.w3.org/2001/XMLSchema-instance" Version="4.7.922.0">
  <Summary numSequencePoints="440" visitedSequencePoints="0" numBranchPoints="66" visitedBranchPoints="0" sequenceCoverage="0" branchCoverage="0" maxCyclomaticComplexity="12" minCyclomaticComplexity="1" maxCrapScore="156" minCrapScore="2" visitedClasses="0" numClasses="51" visitedMethods="0" numMethods="54" />
  <Modules>
    <Module hash="C1-3E-25-54-E4-5A-23-82-3A-A5-52-32-94-CC-79-10-C4-79-54-9D">
      <Summary numSequencePoints="440" visitedSequencePoints="0" numBranchPoints="66" visitedBranchPoints="0" sequenceCoverage="0" branchCoverage="0" maxCyclomaticComplexity="12" minCyclomaticComplexity="1" maxCrapScore="156" minCrapScore="2" visitedClasses="0" numClasses="51" visitedMethods="0" numMethods="54" />
      <ModulePath>D:\codingProj\tester\UnitTestProject\bin\Debug\fine-code-coverage\build-output\UnitTestProject.dll</ModulePath>
      <ModuleTime>2023-12-28T04:48:19.317027Z</ModuleTime>
      <ModuleName>UnitTestProject</ModuleName>
      <Files>
        <File uid="1" fullPath="D:\codingProj\tester\UnitTestProject\test\AppTest.cs" />
        <File uid="2" fullPath="D:\codingProj\tester\UnitTestProject\test\GlobalSetup.cs" />
        <File uid="3" fullPath="D:\codingProj\tester\UnitTestProject\test\views\EducationTest.cs" />
        <File uid="4" fullPath="D:\codingProj\tester\UnitTestProject\test\viewModels\EditInformationViewModelTest.cs" />
        <File uid="5" fullPath="D:\codingProj\tester\UnitTestProject\test\viewModels\ErrorBaseViewModelTest.cs" />
        <File uid="6" fullPath="D:\codingProj\tester\UnitTestProject\test\viewModels\ExitViewModelTest.cs" />
        <File uid="7" fullPath="D:\codingProj\tester\UnitTestProject\test\viewModels\Login\InverseVisibilityConverterTest.cs" />
        <File uid="9" fullPath="D:\codingProj\tester\UnitTestProject\test\viewModels\Login\IsNullConverterTest.cs" />
        <File uid="11" fullPath="D:\codingProj\tester\UnitTestProject\test\viewModels\Dashboard\ConfirmInformationViewModelTest.cs" />
        <File uid="12" fullPath="D:\codingProj\tester\UnitTestProject\test\viewModels\Dashboard\FindViewModelTest.cs" />
        <File uid="13" fullPath="D:\codingProj\tester\UnitTestProject\test\viewModels\Dashboard\HomeViewModelTest.cs" />
        <File uid="14" fullPath="D:\codingProj\tester\UnitTestProject\test\viewModels\Dashboard\ProfileViewModelTest.cs" />
        <File uid="15" fullPath="D:\codingProj\tester\UnitTestProject\test\viewModels\Dashboard\SettingViewModelTest.cs" />
        <File uid="16" fullPath="D:\codingProj\tester\UnitTestProject\test\viewModels\Dashboard\teacherTest\TeacherViewModelTest.cs" />
        <File uid="17" fullPath="D:\codingProj\tester\UnitTestProject\test\viewModels\Dashboard\subjectTest\SubjectViewModelTest.cs" />
        <File uid="18" fullPath="D:\codingProj\tester\UnitTestProject\test\viewModels\Dashboard\studentTest\MainStudentViewModelTest.cs" />
        <File uid="19" fullPath="D:\codingProj\tester\UnitTestProject\test\viewModels\Dashboard\studentTest\StudentDataStoreTest.cs" />
        <File uid="20" fullPath="D:\codingProj\tester\UnitTestProject\test\viewModels\Dashboard\studentTest\StudentItemViewModelTest.cs" />
        <File uid="21" fullPath="D:\codingProj\tester\UnitTestProject\test\viewModels\Dashboard\studentTest\StudentListingViewModelTest.cs" />
        <File uid="22" fullPath="D:\codingProj\tester\UnitTestProject\test\viewModels\Dashboard\educationTest\EducationViewModelTest.cs" />
        <File uid="23" fullPath="D:\codingProj\tester\UnitTestProject\test\viewModels\Dashboard\educationTest\component\InformationViewModelTest.cs" />
        <File uid="24" fullPath="D:\codingProj\tester\UnitTestProject\test\viewModels\Dashboard\educationTest\component\ResultViewModelTest.cs" />
        <File uid="25" fullPath="D:\codingProj\tester\UnitTestProject\test\viewModels\Dashboard\educationTest\component\ScheduleViewModelTest.cs" />
        <File uid="26" fullPath="D:\codingProj\tester\UnitTestProject\test\viewModels\Dashboard\classTest\ClassDataStoreTest.cs" />
        <File uid="27" fullPath="D:\codingProj\tester\UnitTestProject\test\viewModels\Dashboard\classTest\ClassDetailViewModelTest.cs" />
        <File uid="28" fullPath="D:\codingProj\tester\UnitTestProject\test\viewModels\Dashboard\classTest\ClassListingViewModelTest.cs" />
        <File uid="29" fullPath="D:\codingProj\tester\UnitTestProject\test\services\DatabaseImageTableServicesTest.cs" />
        <File uid="30" fullPath="D:\codingProj\tester\UnitTestProject\test\services\ImageUploaderTest.cs" />
        <File uid="31" fullPath="D:\codingProj\tester\UnitTestProject\test\services\UserServicesTest.cs" />
        <File uid="32" fullPath="D:\codingProj\tester\UnitTestProject\test\services\VietnameseStringNormalizerTest.cs" />
        <File uid="33" fullPath="D:\codingProj\tester\UnitTestProject\test\services\login\LoginServicesTest.cs" />
        <File uid="34" fullPath="D:\codingProj\tester\UnitTestProject\test\models\AddressTest.cs" />
        <File uid="35" fullPath="D:\codingProj\tester\UnitTestProject\test\models\CountryTest.cs" />
        <File uid="36" fullPath="D:\codingProj\tester\UnitTestProject\test\models\ProfileStudentTest.cs" />
        <File uid="37" fullPath="D:\codingProj\tester\UnitTestProject\test\databases\ResultTest.cs" />
        <File uid="38" fullPath="D:\codingProj\tester\UnitTestProject\test\components\BindablePasswordBoxTest.cs" />
        <File uid="39" fullPath="D:\codingProj\tester\UnitTestProject\test\components\educationTest\InfomationTest.cs" />
        <File uid="40" fullPath="D:\codingProj\tester\UnitTestProject\test\components\educationTest\ResultTest.cs" />
        <File uid="41" fullPath="D:\codingProj\tester\UnitTestProject\test\components\educationTest\ScheduleTest.cs" />
        <File uid="42" fullPath="D:\codingProj\tester\UnitTestProject\test\components\classTest\ClassDetailTest.cs" />
        <File uid="43" fullPath="D:\codingProj\tester\UnitTestProject\test\components\classTest\ClassListingTest.cs" />
        <File uid="44" fullPath="D:\codingProj\tester\UnitTestProject\test\commands\ConfirmInformationCommandTest.cs" />
        <File uid="45" fullPath="D:\codingProj\tester\UnitTestProject\test\commands\EditInformationCommandTest.cs" />
        <File uid="46" fullPath="D:\codingProj\tester\UnitTestProject\test\commands\ExitCommandTest.cs" />
        <File uid="47" fullPath="D:\codingProj\tester\UnitTestProject\test\commands\FindCommandTest.cs" />
        <File uid="48" fullPath="D:\codingProj\tester\UnitTestProject\test\commands\MainClassCommandTest.cs" />
        <File uid="49" fullPath="D:\codingProj\tester\UnitTestProject\test\commands\ProfileCommandTest.cs" />
        <File uid="50" fullPath="D:\codingProj\tester\UnitTestProject\test\commands\RelayCommandTest.cs" />
        <File uid="51" fullPath="D:\codingProj\tester\UnitTestProject\test\commands\SettingCommandTest.cs" />
      </Files>
      <Classes>
        <Class>
          <Summary numSequencePoints="0" visitedSequencePoints="0" numBranchPoints="0" visitedBranchPoints="0" sequenceCoverage="0" branchCoverage="0" maxCyclomaticComplexity="2" minCyclomaticComplexity="1" maxCrapScore="6" minCrapScore="2" visitedClasses="0" numClasses="0" visitedMethods="0" numMethods="0" />
          <FullName>&lt;&gt;f__AnonymousType0</FullName>
          <Methods>
            <Method visited="false" cyclomaticComplexity="1" nPathComplexity="0" sequenceCoverage="0" branchCoverage="0" crapScore="2" isConstructor="true" isStatic="false" isGetter="false" isSetter="false">
              <Summary numSequencePoints="0" visitedSequencePoints="0" numBranchPoints="0" visitedBranchPoints="0" sequenceCoverage="0" branchCoverage="0" maxCyclomaticComplexity="1" minCyclomaticComplexity="1" maxCrapScore="2" minCrapScore="2" visitedClasses="0" numClasses="0" visitedMethods="0" numMethods="0" />
              <MetadataToken>100663297</MetadataToken>
              <Name>System.Void &lt;&gt;f__AnonymousType0::.ctor()</Name>
              <SequencePoints />
              <BranchPoints />
              <MethodPoint vc="0" uspid="1" ordinal="0" offset="0" />
            </Method>
            <Method visited="false" cyclomaticComplexity="2" nPathComplexity="0" sequenceCoverage="0" branchCoverage="0" crapScore="6" isConstructor="false" isStatic="false" isGetter="false" isSetter="false">
              <Summary numSequencePoints="0" visitedSequencePoints="0" numBranchPoints="0" visitedBranchPoints="0" sequenceCoverage="0" branchCoverage="0" maxCyclomaticComplexity="2" minCyclomaticComplexity="2" maxCrapScore="6" minCrapScore="6" visitedClasses="0" numClasses="0" visitedMethods="0" numMethods="0" />
              <MetadataToken>100663298</MetadataToken>
              <Name>System.Boolean &lt;&gt;f__AnonymousType0::Equals(System.Object)</Name>
              <SequencePoints />
              <BranchPoints />
              <MethodPoint vc="0" uspid="2" ordinal="0" offset="0" />
            </Method>
            <Method visited="false" cyclomaticComplexity="1" nPathComplexity="0" sequenceCoverage="0" branchCoverage="0" crapScore="2" isConstructor="false" isStatic="false" isGetter="false" isSetter="false">
              <Summary numSequencePoints="0" visitedSequencePoints="0" numBranchPoints="0" visitedBranchPoints="0" sequenceCoverage="0" branchCoverage="0" maxCyclomaticComplexity="1" minCyclomaticComplexity="1" maxCrapScore="2" minCrapScore="2" visitedClasses="0" numClasses="0" visitedMethods="0" numMethods="0" />
              <MetadataToken>100663299</MetadataToken>
              <Name>System.Int32 &lt;&gt;f__AnonymousType0::GetHashCode()</Name>
              <SequencePoints />
              <BranchPoints />
              <MethodPoint vc="0" uspid="3" ordinal="0" offset="0" />
            </Method>
            <Method visited="false" cyclomaticComplexity="1" nPathComplexity="0" sequenceCoverage="0" branchCoverage="0" crapScore="2" isConstructor="false" isStatic="false" isGetter="false" isSetter="false">
              <Summary numSequencePoints="0" visitedSequencePoints="0" numBranchPoints="0" visitedBranchPoints="0" sequenceCoverage="0" branchCoverage="0" maxCyclomaticComplexity="1" minCyclomaticComplexity="1" maxCrapScore="2" minCrapScore="2" visitedClasses="0" numClasses="0" visitedMethods="0" numMethods="0" />
              <MetadataToken>100663300</MetadataToken>
              <Name>System.String &lt;&gt;f__AnonymousType0::ToString()</Name>
              <SequencePoints />
              <BranchPoints />
              <MethodPoint vc="0" uspid="4" ordinal="0" offset="0" />
            </Method>
          </Methods>
        </Class>
        <Class>
          <Summary numSequencePoints="4" visitedSequencePoints="0" numBranchPoints="1" visitedBranchPoints="0" sequenceCoverage="0" branchCoverage="0" maxCyclomaticComplexity="1" minCyclomaticComplexity="1" maxCrapScore="2" minCrapScore="2" visitedClasses="0" numClasses="1" visitedMethods="0" numMethods="1" />
          <FullName>UnitTestProject.test.AppTest</FullName>
          <Methods>
            <Method visited="false" cyclomaticComplexity="1" nPathComplexity="0" sequenceCoverage="0" branchCoverage="0" crapScore="2" isConstructor="false" isStatic="false" isGetter="false" isSetter="false">
              <Summary numSequencePoints="4" visitedSequencePoints="0" numBranchPoints="1" visitedBranchPoints="0" sequenceCoverage="0" branchCoverage="0" maxCyclomaticComplexity="1" minCyclomaticComplexity="1" maxCrapScore="2" minCrapScore="2" visitedClasses="0" numClasses="0" visitedMethods="0" numMethods="1" />
              <MetadataToken>100663301</MetadataToken>
              <Name>System.Void UnitTestProject.test.AppTest::AppTest_ctor()</Name>
              <FileRef uid="1" />
              <SequencePoints>
                <SequencePoint vc="0" uspid="5" ordinal="0" offset="0" sl="12" sc="9" el="12" ec="10" bec="0" bev="0" fileid="1" />
                <SequencePoint vc="0" uspid="6" ordinal="1" offset="1" sl="13" sc="13" el="13" ec="33" bec="0" bev="0" fileid="1" />
                <SequencePoint vc="0" uspid="7" ordinal="2" offset="7" sl="14" sc="13" el="14" ec="35" bec="0" bev="0" fileid="1" />
                <SequencePoint vc="0" uspid="8" ordinal="3" offset="14" sl="15" sc="9" el="15" ec="10" bec="0" bev="0" fileid="1" />
              </SequencePoints>
              <BranchPoints />
              <MethodPoint xsi:type="SequencePoint" vc="0" uspid="5" ordinal="0" offset="0" sl="12" sc="9" el="12" ec="10" bec="0" bev="0" fileid="1" />
            </Method>
            <Method visited="false" cyclomaticComplexity="1" nPathComplexity="0" sequenceCoverage="0" branchCoverage="0" crapScore="2" isConstructor="true" isStatic="false" isGetter="false" isSetter="false">
              <Summary numSequencePoints="0" visitedSequencePoints="0" numBranchPoints="0" visitedBranchPoints="0" sequenceCoverage="0" branchCoverage="0" maxCyclomaticComplexity="1" minCyclomaticComplexity="1" maxCrapScore="2" minCrapScore="2" visitedClasses="0" numClasses="0" visitedMethods="0" numMethods="0" />
              <MetadataToken>100663302</MetadataToken>
              <Name>System.Void UnitTestProject.test.AppTest::.ctor()</Name>
              <SequencePoints />
              <BranchPoints />
              <MethodPoint vc="0" uspid="9" ordinal="0" offset="0" />
            </Method>
          </Methods>
        </Class>
        <Class>
          <Summary numSequencePoints="23" visitedSequencePoints="0" numBranchPoints="3" visitedBranchPoints="0" sequenceCoverage="0" branchCoverage="0" maxCyclomaticComplexity="2" minCyclomaticComplexity="2" maxCrapScore="6" minCrapScore="6" visitedClasses="0" numClasses="1" visitedMethods="0" numMethods="1" />
          <FullName>UnitTestProject.test.GlobalSetup</FullName>
          <Methods>
            <Method visited="false" cyclomaticComplexity="2" nPathComplexity="2" sequenceCoverage="0" branchCoverage="0" crapScore="6" isConstructor="true" isStatic="false" isGetter="false" isSetter="false">
              <Summary numSequencePoints="23" visitedSequencePoints="0" numBranchPoints="3" visitedBranchPoints="0" sequenceCoverage="0" branchCoverage="0" maxCyclomaticComplexity="2" minCyclomaticComplexity="2" maxCrapScore="6" minCrapScore="6" visitedClasses="0" numClasses="0" visitedMethods="0" numMethods="1" />
              <MetadataToken>100663303</MetadataToken>
              <Name>System.Void UnitTestProject.test.GlobalSetup::.ctor()</Name>
              <FileRef uid="2" />
              <SequencePoints>
                <SequencePoint vc="0" uspid="10" ordinal="0" offset="0" sl="19" sc="9" el="19" ec="69" bec="0" bev="0" fileid="2" />
                <SequencePoint vc="0" uspid="11" ordinal="1" offset="11" sl="20" sc="9" el="20" ec="59" bec="0" bev="0" fileid="2" />
                <SequencePoint vc="0" uspid="12" ordinal="2" offset="22" sl="21" sc="9" el="21" ec="52" bec="0" bev="0" fileid="2" />
                <SequencePoint vc="0" uspid="13" ordinal="3" offset="33" sl="22" sc="9" el="22" ec="29" bec="0" bev="0" fileid="2" />
                <SequencePoint vc="0" uspid="14" ordinal="4" offset="40" sl="23" sc="9" el="23" ec="10" bec="0" bev="0" fileid="2" />
                <SequencePoint vc="0" uspid="15" ordinal="5" offset="41" sl="24" sc="13" el="24" ec="138" bec="0" bev="0" fileid="2" />
                <SequencePoint vc="0" uspid="16" ordinal="6" offset="65" sl="25" sc="13" el="25" ec="60" bec="0" bev="0" fileid="2" />
                <SequencePoint vc="0" uspid="17" ordinal="7" offset="84" sl="27" sc="13" el="27" ec="136" bec="0" bev="0" fileid="2" />
                <SequencePoint vc="0" uspid="18" ordinal="8" offset="108" sl="28" sc="13" el="28" ec="58" bec="0" bev="0" fileid="2" />
                <SequencePoint vc="0" uspid="19" ordinal="9" offset="127" sl="31" sc="13" el="41" ec="15" bec="0" bev="0" fileid="2" />
                <SequencePoint vc="0" uspid="20" ordinal="10" offset="187" sl="43" sc="13" el="43" ec="55" bec="0" bev="0" fileid="2" />
                <SequencePoint vc="0" uspid="21" ordinal="11" offset="198" sl="44" sc="13" el="44" ec="53" bec="0" bev="0" fileid="2" />
                <SequencePoint vc="0" uspid="22" ordinal="12" offset="209" sl="45" sc="13" el="45" ec="59" bec="0" bev="0" fileid="2" />
                <SequencePoint vc="0" uspid="23" ordinal="13" offset="220" sl="46" sc="13" el="46" ec="61" bec="0" bev="0" fileid="2" />
                <SequencePoint vc="0" uspid="24" ordinal="14" offset="231" sl="48" sc="13" el="48" ec="45" bec="2" bev="0" fileid="2" />
                <SequencePoint vc="0" uspid="25" ordinal="15" offset="243" sl="49" sc="13" el="49" ec="14" bec="0" bev="0" fileid="2" />
                <SequencePoint vc="0" uspid="26" ordinal="16" offset="244" sl="50" sc="17" el="50" ec="41" bec="0" bev="0" fileid="2" />
                <SequencePoint vc="0" uspid="27" ordinal="17" offset="255" sl="51" sc="17" el="51" ec="81" bec="0" bev="0" fileid="2" />
                <SequencePoint vc="0" uspid="28" ordinal="18" offset="283" sl="52" sc="17" el="52" ec="79" bec="0" bev="0" fileid="2" />
                <SequencePoint vc="0" uspid="29" ordinal="19" offset="311" sl="53" sc="17" el="53" ec="85" bec="0" bev="0" fileid="2" />
                <SequencePoint vc="0" uspid="30" ordinal="20" offset="339" sl="54" sc="17" el="54" ec="87" bec="0" bev="0" fileid="2" />
                <SequencePoint vc="0" uspid="31" ordinal="21" offset="367" sl="55" sc="13" el="55" ec="14" bec="0" bev="0" fileid="2" />
                <SequencePoint vc="0" uspid="32" ordinal="22" offset="368" sl="56" sc="9" el="56" ec="10" bec="0" bev="0" fileid="2" />
              </SequencePoints>
              <BranchPoints>
                <BranchPoint vc="0" uspid="33" ordinal="0" offset="241" sl="48" path="0" offsetend="243" fileid="2" />
                <BranchPoint vc="0" uspid="34" ordinal="1" offset="241" sl="48" path="1" offsetend="368" fileid="2" />
              </BranchPoints>
              <MethodPoint xsi:type="SequencePoint" vc="0" uspid="10" ordinal="0" offset="0" sl="19" sc="9" el="19" ec="69" bec="0" bev="0" fileid="2" />
            </Method>
          </Methods>
        </Class>
        <Class>
          <Summary numSequencePoints="4" visitedSequencePoints="0" numBranchPoints="1" visitedBranchPoints="0" sequenceCoverage="0" branchCoverage="0" maxCyclomaticComplexity="1" minCyclomaticComplexity="1" maxCrapScore="2" minCrapScore="2" visitedClasses="0" numClasses="1" visitedMethods="0" numMethods="1" />
          <FullName>UnitTestProject.test.views.EducationTest</FullName>
          <Methods>
            <Method visited="false" cyclomaticComplexity="1" nPathComplexity="0" sequenceCoverage="0" branchCoverage="0" crapScore="2" isConstructor="false" isStatic="false" isGetter="false" isSetter="false">
              <Summary numSequencePoints="4" visitedSequencePoints="0" numBranchPoints="1" visitedBranchPoints="0" sequenceCoverage="0" branchCoverage="0" maxCyclomaticComplexity="1" minCyclomaticComplexity="1" maxCrapScore="2" minCrapScore="2" visitedClasses="0" numClasses="0" visitedMethods="0" numMethods="1" />
              <MetadataToken>100663304</MetadataToken>
              <Name>System.Void UnitTestProject.test.views.EducationTest::EducationTest_ctor()</Name>
              <FileRef uid="3" />
              <SequencePoints>
                <SequencePoint vc="0" uspid="35" ordinal="0" offset="0" sl="12" sc="9" el="12" ec="10" bec="0" bev="0" fileid="3" />
                <SequencePoint vc="0" uspid="36" ordinal="1" offset="1" sl="13" sc="13" el="13" ec="45" bec="0" bev="0" fileid="3" />
                <SequencePoint vc="0" uspid="37" ordinal="2" offset="7" sl="14" sc="13" el="14" ec="41" bec="0" bev="0" fileid="3" />
                <SequencePoint vc="0" uspid="38" ordinal="3" offset="14" sl="15" sc="9" el="15" ec="10" bec="0" bev="0" fileid="3" />
              </SequencePoints>
              <BranchPoints />
              <MethodPoint xsi:type="SequencePoint" vc="0" uspid="35" ordinal="0" offset="0" sl="12" sc="9" el="12" ec="10" bec="0" bev="0" fileid="3" />
            </Method>
            <Method visited="false" cyclomaticComplexity="1" nPathComplexity="0" sequenceCoverage="0" branchCoverage="0" crapScore="2" isConstructor="true" isStatic="false" isGetter="false" isSetter="false">
              <Summary numSequencePoints="0" visitedSequencePoints="0" numBranchPoints="0" visitedBranchPoints="0" sequenceCoverage="0" branchCoverage="0" maxCyclomaticComplexity="1" minCyclomaticComplexity="1" maxCrapScore="2" minCrapScore="2" visitedClasses="0" numClasses="0" visitedMethods="0" numMethods="0" />
              <MetadataToken>100663305</MetadataToken>
              <Name>System.Void UnitTestProject.test.views.EducationTest::.ctor()</Name>
              <SequencePoints />
              <BranchPoints />
              <MethodPoint vc="0" uspid="39" ordinal="0" offset="0" />
            </Method>
          </Methods>
        </Class>
        <Class>
          <Summary numSequencePoints="8" visitedSequencePoints="0" numBranchPoints="1" visitedBranchPoints="0" sequenceCoverage="0" branchCoverage="0" maxCyclomaticComplexity="1" minCyclomaticComplexity="1" maxCrapScore="2" minCrapScore="2" visitedClasses="0" numClasses="1" visitedMethods="0" numMethods="1" />
          <FullName>UnitTestProject.test.viewModels.EditInformationViewModelTest</FullName>
          <Methods>
            <Method visited="false" cyclomaticComplexity="1" nPathComplexity="0" sequenceCoverage="0" branchCoverage="0" crapScore="2" isConstructor="false" isStatic="false" isGetter="false" isSetter="false">
              <Summary numSequencePoints="8" visitedSequencePoints="0" numBranchPoints="1" visitedBranchPoints="0" sequenceCoverage="0" branchCoverage="0" maxCyclomaticComplexity="1" minCyclomaticComplexity="1" maxCrapScore="2" minCrapScore="2" visitedClasses="0" numClasses="0" visitedMethods="0" numMethods="1" />
              <MetadataToken>100663306</MetadataToken>
              <Name>System.Void UnitTestProject.test.viewModels.EditInformationViewModelTest::EditInformationViewModelTest_ctor()</Name>
              <FileRef uid="4" />
              <SequencePoints>
                <SequencePoint vc="0" uspid="40" ordinal="0" offset="0" sl="13" sc="9" el="13" ec="10" bec="0" bev="0" fileid="4" />
                <SequencePoint vc="0" uspid="41" ordinal="1" offset="1" sl="14" sc="13" el="14" ec="75" bec="0" bev="0" fileid="4" />
                <SequencePoint vc="0" uspid="42" ordinal="2" offset="7" sl="15" sc="13" el="15" ec="63" bec="0" bev="0" fileid="4" />
                <SequencePoint vc="0" uspid="43" ordinal="3" offset="19" sl="16" sc="13" el="16" ec="49" bec="0" bev="0" fileid="4" />
                <SequencePoint vc="0" uspid="44" ordinal="4" offset="26" sl="18" sc="13" el="18" ec="72" bec="0" bev="0" fileid="4" />
                <SequencePoint vc="0" uspid="45" ordinal="5" offset="38" sl="19" sc="13" el="19" ec="54" bec="0" bev="0" fileid="4" />
                <SequencePoint vc="0" uspid="46" ordinal="6" offset="46" sl="20" sc="13" el="20" ec="49" bec="0" bev="0" fileid="4" />
                <SequencePoint vc="0" uspid="47" ordinal="7" offset="53" sl="21" sc="9" el="21" ec="10" bec="0" bev="0" fileid="4" />
              </SequencePoints>
              <BranchPoints />
              <MethodPoint xsi:type="SequencePoint" vc="0" uspid="40" ordinal="0" offset="0" sl="13" sc="9" el="13" ec="10" bec="0" bev="0" fileid="4" />
            </Method>
            <Method visited="false" cyclomaticComplexity="1" nPathComplexity="0" sequenceCoverage="0" branchCoverage="0" crapScore="2" isConstructor="true" isStatic="false" isGetter="false" isSetter="false">
              <Summary numSequencePoints="0" visitedSequencePoints="0" numBranchPoints="0" visitedBranchPoints="0" sequenceCoverage="0" branchCoverage="0" maxCyclomaticComplexity="1" minCyclomaticComplexity="1" maxCrapScore="2" minCrapScore="2" visitedClasses="0" numClasses="0" visitedMethods="0" numMethods="0" />
              <MetadataToken>100663307</MetadataToken>
              <Name>System.Void UnitTestProject.test.viewModels.EditInformationViewModelTest::.ctor()</Name>
              <SequencePoints />
              <BranchPoints />
              <MethodPoint vc="0" uspid="48" ordinal="0" offset="0" />
            </Method>
          </Methods>
        </Class>
        <Class>
          <Summary numSequencePoints="10" visitedSequencePoints="0" numBranchPoints="1" visitedBranchPoints="0" sequenceCoverage="0" branchCoverage="0" maxCyclomaticComplexity="1" minCyclomaticComplexity="1" maxCrapScore="2" minCrapScore="2" visitedClasses="0" numClasses="1" visitedMethods="0" numMethods="1" />
          <FullName>UnitTestProject.test.viewModels.ErrorBaseViewModelTest</FullName>
          <Methods>
            <Method visited="false" cyclomaticComplexity="1" nPathComplexity="0" sequenceCoverage="0" branchCoverage="0" crapScore="2" isConstructor="false" isStatic="false" isGetter="false" isSetter="false">
              <Summary numSequencePoints="10" visitedSequencePoints="0" numBranchPoints="1" visitedBranchPoints="0" sequenceCoverage="0" branchCoverage="0" maxCyclomaticComplexity="1" minCyclomaticComplexity="1" maxCrapScore="2" minCrapScore="2" visitedClasses="0" numClasses="0" visitedMethods="0" numMethods="1" />
              <MetadataToken>100663308</MetadataToken>
              <Name>System.Void UnitTestProject.test.viewModels.ErrorBaseViewModelTest::ErrorBaseViewModelTest_ctor()</Name>
              <FileRef uid="5" />
              <SequencePoints>
                <SequencePoint vc="0" uspid="49" ordinal="0" offset="0" sl="13" sc="9" el="13" ec="10" bec="0" bev="0" fileid="5" />
                <SequencePoint vc="0" uspid="50" ordinal="1" offset="1" sl="14" sc="13" el="14" ec="67" bec="0" bev="0" fileid="5" />
                <SequencePoint vc="0" uspid="51" ordinal="2" offset="7" sl="15" sc="13" el="15" ec="69" bec="0" bev="0" fileid="5" />
                <SequencePoint vc="0" uspid="52" ordinal="3" offset="20" sl="17" sc="13" el="17" ec="50" bec="0" bev="0" fileid="5" />
                <SequencePoint vc="0" uspid="53" ordinal="4" offset="37" sl="18" sc="13" el="18" ec="50" bec="0" bev="0" fileid="5" />
                <SequencePoint vc="0" uspid="54" ordinal="5" offset="54" sl="19" sc="13" el="19" ec="69" bec="0" bev="0" fileid="5" />
                <SequencePoint vc="0" uspid="55" ordinal="6" offset="67" sl="21" sc="13" el="21" ec="51" bec="0" bev="0" fileid="5" />
                <SequencePoint vc="0" uspid="56" ordinal="7" offset="79" sl="22" sc="13" el="22" ec="53" bec="0" bev="0" fileid="5" />
                <SequencePoint vc="0" uspid="57" ordinal="8" offset="91" sl="24" sc="13" el="24" ec="53" bec="0" bev="0" fileid="5" />
                <SequencePoint vc="0" uspid="58" ordinal="9" offset="98" sl="25" sc="9" el="25" ec="10" bec="0" bev="0" fileid="5" />
              </SequencePoints>
              <BranchPoints />
              <MethodPoint xsi:type="SequencePoint" vc="0" uspid="49" ordinal="0" offset="0" sl="13" sc="9" el="13" ec="10" bec="0" bev="0" fileid="5" />
            </Method>
            <Method visited="false" cyclomaticComplexity="1" nPathComplexity="0" sequenceCoverage="0" branchCoverage="0" crapScore="2" isConstructor="true" isStatic="false" isGetter="false" isSetter="false">
              <Summary numSequencePoints="0" visitedSequencePoints="0" numBranchPoints="0" visitedBranchPoints="0" sequenceCoverage="0" branchCoverage="0" maxCyclomaticComplexity="1" minCyclomaticComplexity="1" maxCrapScore="2" minCrapScore="2" visitedClasses="0" numClasses="0" visitedMethods="0" numMethods="0" />
              <MetadataToken>100663309</MetadataToken>
              <Name>System.Void UnitTestProject.test.viewModels.ErrorBaseViewModelTest::.ctor()</Name>
              <SequencePoints />
              <BranchPoints />
              <MethodPoint vc="0" uspid="59" ordinal="0" offset="0" />
            </Method>
          </Methods>
        </Class>
        <Class>
          <Summary numSequencePoints="5" visitedSequencePoints="0" numBranchPoints="1" visitedBranchPoints="0" sequenceCoverage="0" branchCoverage="0" maxCyclomaticComplexity="1" minCyclomaticComplexity="1" maxCrapScore="2" minCrapScore="2" visitedClasses="0" numClasses="1" visitedMethods="0" numMethods="1" />
          <FullName>UnitTestProject.test.viewModels.ExitViewModelTest</FullName>
          <Methods>
            <Method visited="false" cyclomaticComplexity="1" nPathComplexity="0" sequenceCoverage="0" branchCoverage="0" crapScore="2" isConstructor="false" isStatic="false" isGetter="false" isSetter="false">
              <Summary numSequencePoints="5" visitedSequencePoints="0" numBranchPoints="1" visitedBranchPoints="0" sequenceCoverage="0" branchCoverage="0" maxCyclomaticComplexity="1" minCyclomaticComplexity="1" maxCrapScore="2" minCrapScore="2" visitedClasses="0" numClasses="0" visitedMethods="0" numMethods="1" />
              <MetadataToken>100663310</MetadataToken>
              <Name>System.Void UnitTestProject.test.viewModels.ExitViewModelTest::ExitViewModelTest_ctor()</Name>
              <FileRef uid="6" />
              <SequencePoints>
                <SequencePoint vc="0" uspid="60" ordinal="0" offset="0" sl="12" sc="9" el="12" ec="10" bec="0" bev="0" fileid="6" />
                <SequencePoint vc="0" uspid="61" ordinal="1" offset="1" sl="13" sc="13" el="13" ec="53" bec="0" bev="0" fileid="6" />
                <SequencePoint vc="0" uspid="62" ordinal="2" offset="7" sl="14" sc="13" el="14" ec="45" bec="0" bev="0" fileid="6" />
                <SequencePoint vc="0" uspid="63" ordinal="3" offset="14" sl="16" sc="13" el="16" ec="38" bec="0" bev="0" fileid="6" />
                <SequencePoint vc="0" uspid="64" ordinal="4" offset="21" sl="17" sc="9" el="17" ec="10" bec="0" bev="0" fileid="6" />
              </SequencePoints>
              <BranchPoints />
              <MethodPoint xsi:type="SequencePoint" vc="0" uspid="60" ordinal="0" offset="0" sl="12" sc="9" el="12" ec="10" bec="0" bev="0" fileid="6" />
            </Method>
            <Method visited="false" cyclomaticComplexity="1" nPathComplexity="0" sequenceCoverage="0" branchCoverage="0" crapScore="2" isConstructor="true" isStatic="false" isGetter="false" isSetter="false">
              <Summary numSequencePoints="0" visitedSequencePoints="0" numBranchPoints="0" visitedBranchPoints="0" sequenceCoverage="0" branchCoverage="0" maxCyclomaticComplexity="1" minCyclomaticComplexity="1" maxCrapScore="2" minCrapScore="2" visitedClasses="0" numClasses="0" visitedMethods="0" numMethods="0" />
              <MetadataToken>100663311</MetadataToken>
              <Name>System.Void UnitTestProject.test.viewModels.ExitViewModelTest::.ctor()</Name>
              <SequencePoints />
              <BranchPoints />
              <MethodPoint vc="0" uspid="65" ordinal="0" offset="0" />
            </Method>
          </Methods>
        </Class>
        <Class>
          <Summary numSequencePoints="6" visitedSequencePoints="0" numBranchPoints="1" visitedBranchPoints="0" sequenceCoverage="0" branchCoverage="0" maxCyclomaticComplexity="1" minCyclomaticComplexity="1" maxCrapScore="2" minCrapScore="2" visitedClasses="0" numClasses="1" visitedMethods="0" numMethods="1" />
          <FullName>UnitTestProject.test.viewModels.Login.InverseVisibilityConverterTest</FullName>
          <Methods>
            <Method visited="false" cyclomaticComplexity="1" nPathComplexity="0" sequenceCoverage="0" branchCoverage="0" crapScore="2" isConstructor="false" isStatic="false" isGetter="false" isSetter="false">
              <Summary numSequencePoints="6" visitedSequencePoints="0" numBranchPoints="1" visitedBranchPoints="0" sequenceCoverage="0" branchCoverage="0" maxCyclomaticComplexity="1" minCyclomaticComplexity="1" maxCrapScore="2" minCrapScore="2" visitedClasses="0" numClasses="0" visitedMethods="0" numMethods="1" />
              <MetadataToken>100663312</MetadataToken>
              <Name>System.Void UnitTestProject.test.viewModels.Login.InverseVisibilityConverterTest::InverseVisibilityConverterTest_successful()</Name>
              <FileRef uid="7" />
              <SequencePoints>
                <SequencePoint vc="0" uspid="66" ordinal="0" offset="6" sl="14" sc="9" el="14" ec="10" bec="0" bev="0" fileid="7" />
                <SequencePoint vc="0" uspid="67" ordinal="1" offset="7" sl="15" sc="13" el="15" ec="79" bec="0" bev="0" fileid="7" />
                <SequencePoint vc="0" uspid="68" ordinal="2" offset="18" sl="17" sc="13" el="17" ec="110" bec="0" bev="0" fileid="7" />
                <SequencePoint vc="0" uspid="69" ordinal="3" offset="52" sl="18" sc="13" el="18" ec="109" bec="0" bev="0" fileid="7" />
                <SequencePoint vc="0" uspid="70" ordinal="4" offset="86" sl="19" sc="13" el="19" ec="158" bec="0" bev="0" fileid="7" />
                <SequencePoint vc="0" uspid="71" ordinal="5" offset="104" sl="20" sc="9" el="20" ec="10" bec="0" bev="0" fileid="7" />
              </SequencePoints>
              <BranchPoints />
              <MethodPoint vc="0" uspid="72" ordinal="0" offset="0" />
            </Method>
            <Method visited="false" cyclomaticComplexity="1" nPathComplexity="0" sequenceCoverage="0" branchCoverage="0" crapScore="2" isConstructor="true" isStatic="false" isGetter="false" isSetter="false">
              <Summary numSequencePoints="0" visitedSequencePoints="0" numBranchPoints="0" visitedBranchPoints="0" sequenceCoverage="0" branchCoverage="0" maxCyclomaticComplexity="1" minCyclomaticComplexity="1" maxCrapScore="2" minCrapScore="2" visitedClasses="0" numClasses="0" visitedMethods="0" numMethods="0" />
              <MetadataToken>100663313</MetadataToken>
              <Name>System.Void UnitTestProject.test.viewModels.Login.InverseVisibilityConverterTest::.ctor()</Name>
              <SequencePoints />
              <BranchPoints />
              <MethodPoint vc="0" uspid="73" ordinal="0" offset="0" />
            </Method>
          </Methods>
        </Class>
        <Class>
          <Summary numSequencePoints="1" visitedSequencePoints="0" numBranchPoints="1" visitedBranchPoints="0" sequenceCoverage="0" branchCoverage="0" maxCyclomaticComplexity="1" minCyclomaticComplexity="1" maxCrapScore="2" minCrapScore="2" visitedClasses="0" numClasses="1" visitedMethods="0" numMethods="1" />
          <FullName>UnitTestProject.test.viewModels.Login.InverseVisibilityConverterTest/&lt;&gt;c__DisplayClass0_0</FullName>
          <Methods>
            <Method visited="false" cyclomaticComplexity="1" nPathComplexity="0" sequenceCoverage="0" branchCoverage="0" crapScore="2" isConstructor="true" isStatic="false" isGetter="false" isSetter="false">
              <Summary numSequencePoints="0" visitedSequencePoints="0" numBranchPoints="0" visitedBranchPoints="0" sequenceCoverage="0" branchCoverage="0" maxCyclomaticComplexity="1" minCyclomaticComplexity="1" maxCrapScore="2" minCrapScore="2" visitedClasses="0" numClasses="0" visitedMethods="0" numMethods="0" />
              <MetadataToken>100663400</MetadataToken>
              <Name>System.Void UnitTestProject.test.viewModels.Login.InverseVisibilityConverterTest/&lt;&gt;c__DisplayClass0_0::.ctor()</Name>
              <SequencePoints />
              <BranchPoints />
              <MethodPoint vc="0" uspid="74" ordinal="0" offset="0" />
            </Method>
            <Method visited="false" cyclomaticComplexity="1" nPathComplexity="0" sequenceCoverage="0" branchCoverage="0" crapScore="2" isConstructor="false" isStatic="false" isGetter="false" isSetter="false">
              <Summary numSequencePoints="1" visitedSequencePoints="0" numBranchPoints="1" visitedBranchPoints="0" sequenceCoverage="0" branchCoverage="0" maxCyclomaticComplexity="1" minCyclomaticComplexity="1" maxCrapScore="2" minCrapScore="2" visitedClasses="0" numClasses="0" visitedMethods="0" numMethods="1" />
              <MetadataToken>100663401</MetadataToken>
              <Name>System.Object UnitTestProject.test.viewModels.Login.InverseVisibilityConverterTest/&lt;&gt;c__DisplayClass0_0::&lt;InverseVisibilityConverterTest_successful&gt;b__0()</Name>
              <FileRef uid="7" />
              <SequencePoints>
                <SequencePoint vc="0" uspid="75" ordinal="0" offset="0" sl="19" sc="67" el="19" ec="156" bec="0" bev="0" fileid="7" />
              </SequencePoints>
              <BranchPoints />
              <MethodPoint xsi:type="SequencePoint" vc="0" uspid="75" ordinal="0" offset="0" sl="19" sc="67" el="19" ec="156" bec="0" bev="0" fileid="7" />
            </Method>
          </Methods>
        </Class>
        <Class>
          <Summary numSequencePoints="7" visitedSequencePoints="0" numBranchPoints="1" visitedBranchPoints="0" sequenceCoverage="0" branchCoverage="0" maxCyclomaticComplexity="1" minCyclomaticComplexity="1" maxCrapScore="2" minCrapScore="2" visitedClasses="0" numClasses="1" visitedMethods="0" numMethods="1" />
          <FullName>UnitTestProject.test.viewModels.Login.IsNullConverterTest</FullName>
          <Methods>
            <Method visited="false" cyclomaticComplexity="1" nPathComplexity="0" sequenceCoverage="0" branchCoverage="0" crapScore="2" isConstructor="false" isStatic="false" isGetter="false" isSetter="false">
              <Summary numSequencePoints="7" visitedSequencePoints="0" numBranchPoints="1" visitedBranchPoints="0" sequenceCoverage="0" branchCoverage="0" maxCyclomaticComplexity="1" minCyclomaticComplexity="1" maxCrapScore="2" minCrapScore="2" visitedClasses="0" numClasses="0" visitedMethods="0" numMethods="1" />
              <MetadataToken>100663314</MetadataToken>
              <Name>System.Void UnitTestProject.test.viewModels.Login.IsNullConverterTest::IsNullConverterTest_successful()</Name>
              <FileRef uid="9" />
              <SequencePoints>
                <SequencePoint vc="0" uspid="76" ordinal="0" offset="6" sl="13" sc="9" el="13" ec="10" bec="0" bev="0" fileid="9" />
                <SequencePoint vc="0" uspid="77" ordinal="1" offset="7" sl="14" sc="13" el="14" ec="53" bec="0" bev="0" fileid="9" />
                <SequencePoint vc="0" uspid="78" ordinal="2" offset="9" sl="15" sc="13" el="15" ec="57" bec="0" bev="0" fileid="9" />
                <SequencePoint vc="0" uspid="79" ordinal="3" offset="20" sl="17" sc="13" el="17" ec="88" bec="0" bev="0" fileid="9" />
                <SequencePoint vc="0" uspid="80" ordinal="4" offset="53" sl="18" sc="13" el="18" ec="59" bec="0" bev="0" fileid="9" />
                <SequencePoint vc="0" uspid="81" ordinal="5" offset="66" sl="19" sc="13" el="19" ec="149" bec="0" bev="0" fileid="9" />
                <SequencePoint vc="0" uspid="82" ordinal="6" offset="84" sl="20" sc="9" el="20" ec="10" bec="0" bev="0" fileid="9" />
              </SequencePoints>
              <BranchPoints />
              <MethodPoint vc="0" uspid="83" ordinal="0" offset="0" />
            </Method>
            <Method visited="false" cyclomaticComplexity="1" nPathComplexity="0" sequenceCoverage="0" branchCoverage="0" crapScore="2" isConstructor="true" isStatic="false" isGetter="false" isSetter="false">
              <Summary numSequencePoints="0" visitedSequencePoints="0" numBranchPoints="0" visitedBranchPoints="0" sequenceCoverage="0" branchCoverage="0" maxCyclomaticComplexity="1" minCyclomaticComplexity="1" maxCrapScore="2" minCrapScore="2" visitedClasses="0" numClasses="0" visitedMethods="0" numMethods="0" />
              <MetadataToken>100663315</MetadataToken>
              <Name>System.Void UnitTestProject.test.viewModels.Login.IsNullConverterTest::.ctor()</Name>
              <SequencePoints />
              <BranchPoints />
              <MethodPoint vc="0" uspid="84" ordinal="0" offset="0" />
            </Method>
          </Methods>
        </Class>
        <Class>
          <Summary numSequencePoints="1" visitedSequencePoints="0" numBranchPoints="1" visitedBranchPoints="0" sequenceCoverage="0" branchCoverage="0" maxCyclomaticComplexity="1" minCyclomaticComplexity="1" maxCrapScore="2" minCrapScore="2" visitedClasses="0" numClasses="1" visitedMethods="0" numMethods="1" />
          <FullName>UnitTestProject.test.viewModels.Login.IsNullConverterTest/&lt;&gt;c__DisplayClass0_0</FullName>
          <Methods>
            <Method visited="false" cyclomaticComplexity="1" nPathComplexity="0" sequenceCoverage="0" branchCoverage="0" crapScore="2" isConstructor="true" isStatic="false" isGetter="false" isSetter="false">
              <Summary numSequencePoints="0" visitedSequencePoints="0" numBranchPoints="0" visitedBranchPoints="0" sequenceCoverage="0" branchCoverage="0" maxCyclomaticComplexity="1" minCyclomaticComplexity="1" maxCrapScore="2" minCrapScore="2" visitedClasses="0" numClasses="0" visitedMethods="0" numMethods="0" />
              <MetadataToken>100663402</MetadataToken>
              <Name>System.Void UnitTestProject.test.viewModels.Login.IsNullConverterTest/&lt;&gt;c__DisplayClass0_0::.ctor()</Name>
              <SequencePoints />
              <BranchPoints />
              <MethodPoint vc="0" uspid="85" ordinal="0" offset="0" />
            </Method>
            <Method visited="false" cyclomaticComplexity="1" nPathComplexity="0" sequenceCoverage="0" branchCoverage="0" crapScore="2" isConstructor="false" isStatic="false" isGetter="false" isSetter="false">
              <Summary numSequencePoints="1" visitedSequencePoints="0" numBranchPoints="1" visitedBranchPoints="0" sequenceCoverage="0" branchCoverage="0" maxCyclomaticComplexity="1" minCyclomaticComplexity="1" maxCrapScore="2" minCrapScore="2" visitedClasses="0" numClasses="0" visitedMethods="0" numMethods="1" />
              <MetadataToken>100663403</MetadataToken>
              <Name>System.Object UnitTestProject.test.viewModels.Login.IsNullConverterTest/&lt;&gt;c__DisplayClass0_0::&lt;IsNullConverterTest_successful&gt;b__0()</Name>
              <FileRef uid="9" />
              <SequencePoints>
                <SequencePoint vc="0" uspid="86" ordinal="0" offset="0" sl="19" sc="69" el="19" ec="147" bec="0" bev="0" fileid="9" />
              </SequencePoints>
              <BranchPoints />
              <MethodPoint xsi:type="SequencePoint" vc="0" uspid="86" ordinal="0" offset="0" sl="19" sc="69" el="19" ec="147" bec="0" bev="0" fileid="9" />
            </Method>
          </Methods>
        </Class>
        <Class>
          <Summary numSequencePoints="7" visitedSequencePoints="0" numBranchPoints="1" visitedBranchPoints="0" sequenceCoverage="0" branchCoverage="0" maxCyclomaticComplexity="1" minCyclomaticComplexity="1" maxCrapScore="2" minCrapScore="2" visitedClasses="0" numClasses="1" visitedMethods="0" numMethods="1" />
          <FullName>UnitTestProject.test.viewModels.Dashboard.ConfirmInformationViewModelTest</FullName>
          <Methods>
            <Method visited="false" cyclomaticComplexity="1" nPathComplexity="0" sequenceCoverage="0" branchCoverage="0" crapScore="2" isConstructor="false" isStatic="false" isGetter="false" isSetter="false">
              <Summary numSequencePoints="7" visitedSequencePoints="0" numBranchPoints="1" visitedBranchPoints="0" sequenceCoverage="0" branchCoverage="0" maxCyclomaticComplexity="1" minCyclomaticComplexity="1" maxCrapScore="2" minCrapScore="2" visitedClasses="0" numClasses="0" visitedMethods="0" numMethods="1" />
              <MetadataToken>100663316</MetadataToken>
              <Name>System.Void UnitTestProject.test.viewModels.Dashboard.ConfirmInformationViewModelTest::ConfirmInformationViewModelTest_ctor()</Name>
              <FileRef uid="11" />
              <SequencePoints>
                <SequencePoint vc="0" uspid="87" ordinal="0" offset="0" sl="12" sc="9" el="12" ec="10" bec="0" bev="0" fileid="11" />
                <SequencePoint vc="0" uspid="88" ordinal="1" offset="1" sl="13" sc="13" el="13" ec="81" bec="0" bev="0" fileid="11" />
                <SequencePoint vc="0" uspid="89" ordinal="2" offset="7" sl="14" sc="13" el="14" ec="59" bec="0" bev="0" fileid="11" />
                <SequencePoint vc="0" uspid="90" ordinal="3" offset="14" sl="15" sc="13" el="15" ec="85" bec="0" bev="0" fileid="11" />
                <SequencePoint vc="0" uspid="91" ordinal="4" offset="26" sl="17" sc="13" el="17" ec="77" bec="0" bev="0" fileid="11" />
                <SequencePoint vc="0" uspid="92" ordinal="5" offset="38" sl="18" sc="13" el="18" ec="67" bec="0" bev="0" fileid="11" />
                <SequencePoint vc="0" uspid="93" ordinal="6" offset="50" sl="20" sc="9" el="20" ec="10" bec="0" bev="0" fileid="11" />
              </SequencePoints>
              <BranchPoints />
              <MethodPoint xsi:type="SequencePoint" vc="0" uspid="87" ordinal="0" offset="0" sl="12" sc="9" el="12" ec="10" bec="0" bev="0" fileid="11" />
            </Method>
            <Method visited="false" cyclomaticComplexity="1" nPathComplexity="0" sequenceCoverage="0" branchCoverage="0" crapScore="2" isConstructor="true" isStatic="false" isGetter="false" isSetter="false">
              <Summary numSequencePoints="0" visitedSequencePoints="0" numBranchPoints="0" visitedBranchPoints="0" sequenceCoverage="0" branchCoverage="0" maxCyclomaticComplexity="1" minCyclomaticComplexity="1" maxCrapScore="2" minCrapScore="2" visitedClasses="0" numClasses="0" visitedMethods="0" numMethods="0" />
              <MetadataToken>100663317</MetadataToken>
              <Name>System.Void UnitTestProject.test.viewModels.Dashboard.ConfirmInformationViewModelTest::.ctor()</Name>
              <SequencePoints />
              <BranchPoints />
              <MethodPoint vc="0" uspid="94" ordinal="0" offset="0" />
            </Method>
          </Methods>
        </Class>
        <Class>
          <Summary numSequencePoints="10" visitedSequencePoints="0" numBranchPoints="1" visitedBranchPoints="0" sequenceCoverage="0" branchCoverage="0" maxCyclomaticComplexity="1" minCyclomaticComplexity="1" maxCrapScore="2" minCrapScore="2" visitedClasses="0" numClasses="1" visitedMethods="0" numMethods="1" />
          <FullName>UnitTestProject.test.viewModels.Dashboard.FindViewModelTest</FullName>
          <Methods>
            <Method visited="false" cyclomaticComplexity="1" nPathComplexity="0" sequenceCoverage="0" branchCoverage="0" crapScore="2" isConstructor="false" isStatic="false" isGetter="false" isSetter="false">
              <Summary numSequencePoints="10" visitedSequencePoints="0" numBranchPoints="1" visitedBranchPoints="0" sequenceCoverage="0" branchCoverage="0" maxCyclomaticComplexity="1" minCyclomaticComplexity="1" maxCrapScore="2" minCrapScore="2" visitedClasses="0" numClasses="0" visitedMethods="0" numMethods="1" />
              <MetadataToken>100663318</MetadataToken>
              <Name>System.Void UnitTestProject.test.viewModels.Dashboard.FindViewModelTest::FindViewModelTest_ctor()</Name>
              <FileRef uid="12" />
              <SequencePoints>
                <SequencePoint vc="0" uspid="95" ordinal="0" offset="0" sl="12" sc="9" el="12" ec="10" bec="0" bev="0" fileid="12" />
                <SequencePoint vc="0" uspid="96" ordinal="1" offset="1" sl="13" sc="13" el="13" ec="57" bec="0" bev="0" fileid="12" />
                <SequencePoint vc="0" uspid="97" ordinal="2" offset="7" sl="14" sc="13" el="14" ec="49" bec="0" bev="0" fileid="12" />
                <SequencePoint vc="0" uspid="98" ordinal="3" offset="14" sl="15" sc="13" el="15" ec="61" bec="0" bev="0" fileid="12" />
                <SequencePoint vc="0" uspid="99" ordinal="4" offset="26" sl="16" sc="13" el="16" ec="46" bec="0" bev="0" fileid="12" />
                <SequencePoint vc="0" uspid="100" ordinal="5" offset="38" sl="17" sc="13" el="17" ec="56" bec="0" bev="0" fileid="12" />
                <SequencePoint vc="0" uspid="101" ordinal="6" offset="50" sl="19" sc="13" el="19" ec="123" bec="0" bev="0" fileid="12" />
                <SequencePoint vc="0" uspid="102" ordinal="7" offset="62" sl="20" sc="13" el="20" ec="68" bec="0" bev="0" fileid="12" />
                <SequencePoint vc="0" uspid="103" ordinal="8" offset="74" sl="21" sc="13" el="21" ec="42" bec="0" bev="0" fileid="12" />
                <SequencePoint vc="0" uspid="104" ordinal="9" offset="81" sl="22" sc="9" el="22" ec="10" bec="0" bev="0" fileid="12" />
              </SequencePoints>
              <BranchPoints />
              <MethodPoint xsi:type="SequencePoint" vc="0" uspid="95" ordinal="0" offset="0" sl="12" sc="9" el="12" ec="10" bec="0" bev="0" fileid="12" />
            </Method>
            <Method visited="false" cyclomaticComplexity="1" nPathComplexity="0" sequenceCoverage="0" branchCoverage="0" crapScore="2" isConstructor="true" isStatic="false" isGetter="false" isSetter="false">
              <Summary numSequencePoints="0" visitedSequencePoints="0" numBranchPoints="0" visitedBranchPoints="0" sequenceCoverage="0" branchCoverage="0" maxCyclomaticComplexity="1" minCyclomaticComplexity="1" maxCrapScore="2" minCrapScore="2" visitedClasses="0" numClasses="0" visitedMethods="0" numMethods="0" />
              <MetadataToken>100663319</MetadataToken>
              <Name>System.Void UnitTestProject.test.viewModels.Dashboard.FindViewModelTest::.ctor()</Name>
              <SequencePoints />
              <BranchPoints />
              <MethodPoint vc="0" uspid="105" ordinal="0" offset="0" />
            </Method>
          </Methods>
        </Class>
        <Class>
          <Summary numSequencePoints="22" visitedSequencePoints="0" numBranchPoints="1" visitedBranchPoints="0" sequenceCoverage="0" branchCoverage="0" maxCyclomaticComplexity="1" minCyclomaticComplexity="1" maxCrapScore="2" minCrapScore="2" visitedClasses="0" numClasses="1" visitedMethods="0" numMethods="1" />
          <FullName>UnitTestProject.test.viewModels.Dashboard.HomeViewModelTest</FullName>
          <Methods>
            <Method visited="false" cyclomaticComplexity="1" nPathComplexity="0" sequenceCoverage="0" branchCoverage="0" crapScore="2" isConstructor="false" isStatic="false" isGetter="false" isSetter="false">
              <Summary numSequencePoints="22" visitedSequencePoints="0" numBranchPoints="1" visitedBranchPoints="0" sequenceCoverage="0" branchCoverage="0" maxCyclomaticComplexity="1" minCyclomaticComplexity="1" maxCrapScore="2" minCrapScore="2" visitedClasses="0" numClasses="0" visitedMethods="0" numMethods="1" />
              <MetadataToken>100663320</MetadataToken>
              <Name>System.Void UnitTestProject.test.viewModels.Dashboard.HomeViewModelTest::HomeViewModelTest_ctor()</Name>
              <FileRef uid="13" />
              <SequencePoints>
                <SequencePoint vc="0" uspid="106" ordinal="0" offset="0" sl="13" sc="9" el="13" ec="10" bec="0" bev="0" fileid="13" />
                <SequencePoint vc="0" uspid="107" ordinal="1" offset="1" sl="14" sc="13" el="14" ec="57" bec="0" bev="0" fileid="13" />
                <SequencePoint vc="0" uspid="108" ordinal="2" offset="7" sl="15" sc="13" el="15" ec="49" bec="0" bev="0" fileid="13" />
                <SequencePoint vc="0" uspid="109" ordinal="3" offset="14" sl="17" sc="13" el="17" ec="59" bec="0" bev="0" fileid="13" />
                <SequencePoint vc="0" uspid="110" ordinal="4" offset="26" sl="18" sc="13" el="18" ec="71" bec="0" bev="0" fileid="13" />
                <SequencePoint vc="0" uspid="111" ordinal="5" offset="38" sl="19" sc="13" el="19" ec="79" bec="0" bev="0" fileid="13" />
                <SequencePoint vc="0" uspid="112" ordinal="6" offset="50" sl="20" sc="13" el="20" ec="65" bec="0" bev="0" fileid="13" />
                <SequencePoint vc="0" uspid="113" ordinal="7" offset="62" sl="21" sc="13" el="21" ec="63" bec="0" bev="0" fileid="13" />
                <SequencePoint vc="0" uspid="114" ordinal="8" offset="74" sl="22" sc="13" el="22" ec="67" bec="0" bev="0" fileid="13" />
                <SequencePoint vc="0" uspid="115" ordinal="9" offset="86" sl="23" sc="13" el="23" ec="56" bec="0" bev="0" fileid="13" />
                <SequencePoint vc="0" uspid="116" ordinal="10" offset="98" sl="24" sc="13" el="24" ec="59" bec="0" bev="0" fileid="13" />
                <SequencePoint vc="0" uspid="117" ordinal="11" offset="110" sl="25" sc="13" el="25" ec="66" bec="0" bev="0" fileid="13" />
                <SequencePoint vc="0" uspid="118" ordinal="12" offset="122" sl="27" sc="13" el="27" ec="59" bec="0" bev="0" fileid="13" />
                <SequencePoint vc="0" uspid="119" ordinal="13" offset="134" sl="28" sc="13" el="28" ec="62" bec="0" bev="0" fileid="13" />
                <SequencePoint vc="0" uspid="120" ordinal="14" offset="151" sl="30" sc="13" el="30" ec="86" bec="0" bev="0" fileid="13" />
                <SequencePoint vc="0" uspid="121" ordinal="15" offset="163" sl="31" sc="13" el="31" ec="68" bec="0" bev="0" fileid="13" />
                <SequencePoint vc="0" uspid="122" ordinal="16" offset="175" sl="33" sc="13" el="33" ec="83" bec="0" bev="0" fileid="13" />
                <SequencePoint vc="0" uspid="123" ordinal="17" offset="187" sl="34" sc="13" el="34" ec="65" bec="0" bev="0" fileid="13" />
                <SequencePoint vc="0" uspid="124" ordinal="18" offset="199" sl="36" sc="13" el="36" ec="68" bec="0" bev="0" fileid="13" />
                <SequencePoint vc="0" uspid="125" ordinal="19" offset="216" sl="37" sc="13" el="37" ec="52" bec="0" bev="0" fileid="13" />
                <SequencePoint vc="0" uspid="126" ordinal="20" offset="228" sl="38" sc="13" el="38" ec="68" bec="0" bev="0" fileid="13" />
                <SequencePoint vc="0" uspid="127" ordinal="21" offset="245" sl="39" sc="9" el="39" ec="10" bec="0" bev="0" fileid="13" />
              </SequencePoints>
              <BranchPoints />
              <MethodPoint xsi:type="SequencePoint" vc="0" uspid="106" ordinal="0" offset="0" sl="13" sc="9" el="13" ec="10" bec="0" bev="0" fileid="13" />
            </Method>
            <Method visited="false" cyclomaticComplexity="1" nPathComplexity="0" sequenceCoverage="0" branchCoverage="0" crapScore="2" isConstructor="true" isStatic="false" isGetter="false" isSetter="false">
              <Summary numSequencePoints="0" visitedSequencePoints="0" numBranchPoints="0" visitedBranchPoints="0" sequenceCoverage="0" branchCoverage="0" maxCyclomaticComplexity="1" minCyclomaticComplexity="1" maxCrapScore="2" minCrapScore="2" visitedClasses="0" numClasses="0" visitedMethods="0" numMethods="0" />
              <MetadataToken>100663321</MetadataToken>
              <Name>System.Void UnitTestProject.test.viewModels.Dashboard.HomeViewModelTest::.ctor()</Name>
              <SequencePoints />
              <BranchPoints />
              <MethodPoint vc="0" uspid="128" ordinal="0" offset="0" />
            </Method>
          </Methods>
        </Class>
        <Class>
          <Summary numSequencePoints="18" visitedSequencePoints="0" numBranchPoints="1" visitedBranchPoints="0" sequenceCoverage="0" branchCoverage="0" maxCyclomaticComplexity="1" minCyclomaticComplexity="1" maxCrapScore="2" minCrapScore="2" visitedClasses="0" numClasses="1" visitedMethods="0" numMethods="1" />
          <FullName>UnitTestProject.test.viewModels.Dashboard.ProfileViewModelTest</FullName>
          <Methods>
            <Method visited="false" cyclomaticComplexity="1" nPathComplexity="0" sequenceCoverage="0" branchCoverage="0" crapScore="2" isConstructor="false" isStatic="false" isGetter="false" isSetter="false">
              <Summary numSequencePoints="18" visitedSequencePoints="0" numBranchPoints="1" visitedBranchPoints="0" sequenceCoverage="0" branchCoverage="0" maxCyclomaticComplexity="1" minCyclomaticComplexity="1" maxCrapScore="2" minCrapScore="2" visitedClasses="0" numClasses="0" visitedMethods="0" numMethods="1" />
              <MetadataToken>100663322</MetadataToken>
              <Name>System.Void UnitTestProject.test.viewModels.Dashboard.ProfileViewModelTest::ProfileViewModelTest_ctor()</Name>
              <FileRef uid="14" />
              <SequencePoints>
                <SequencePoint vc="0" uspid="129" ordinal="0" offset="0" sl="13" sc="9" el="13" ec="10" bec="0" bev="0" fileid="14" />
                <SequencePoint vc="0" uspid="130" ordinal="1" offset="1" sl="14" sc="13" el="20" ec="15" bec="0" bev="0" fileid="14" />
                <SequencePoint vc="0" uspid="131" ordinal="2" offset="36" sl="21" sc="13" el="21" ec="59" bec="0" bev="0" fileid="14" />
                <SequencePoint vc="0" uspid="132" ordinal="3" offset="42" sl="22" sc="13" el="22" ec="48" bec="0" bev="0" fileid="14" />
                <SequencePoint vc="0" uspid="133" ordinal="4" offset="49" sl="24" sc="13" el="24" ec="63" bec="0" bev="0" fileid="14" />
                <SequencePoint vc="0" uspid="134" ordinal="5" offset="61" sl="25" sc="13" el="25" ec="60" bec="0" bev="0" fileid="14" />
                <SequencePoint vc="0" uspid="135" ordinal="6" offset="73" sl="26" sc="13" el="26" ec="59" bec="0" bev="0" fileid="14" />
                <SequencePoint vc="0" uspid="136" ordinal="7" offset="90" sl="27" sc="13" el="27" ec="45" bec="0" bev="0" fileid="14" />
                <SequencePoint vc="0" uspid="137" ordinal="8" offset="98" sl="28" sc="13" el="28" ec="56" bec="0" bev="0" fileid="14" />
                <SequencePoint vc="0" uspid="138" ordinal="9" offset="110" sl="30" sc="13" el="30" ec="69" bec="0" bev="0" fileid="14" />
                <SequencePoint vc="0" uspid="139" ordinal="10" offset="122" sl="31" sc="13" el="31" ec="69" bec="0" bev="0" fileid="14" />
                <SequencePoint vc="0" uspid="140" ordinal="11" offset="134" sl="32" sc="13" el="32" ec="46" bec="0" bev="0" fileid="14" />
                <SequencePoint vc="0" uspid="141" ordinal="12" offset="146" sl="34" sc="13" el="34" ec="55" bec="0" bev="0" fileid="14" />
                <SequencePoint vc="0" uspid="142" ordinal="13" offset="158" sl="35" sc="13" el="35" ec="55" bec="0" bev="0" fileid="14" />
                <SequencePoint vc="0" uspid="143" ordinal="14" offset="170" sl="36" sc="13" el="36" ec="55" bec="0" bev="0" fileid="14" />
                <SequencePoint vc="0" uspid="144" ordinal="15" offset="182" sl="38" sc="13" el="38" ec="47" bec="0" bev="0" fileid="14" />
                <SequencePoint vc="0" uspid="145" ordinal="16" offset="194" sl="39" sc="13" el="39" ec="55" bec="0" bev="0" fileid="14" />
                <SequencePoint vc="0" uspid="146" ordinal="17" offset="206" sl="43" sc="9" el="43" ec="10" bec="0" bev="0" fileid="14" />
              </SequencePoints>
              <BranchPoints />
              <MethodPoint xsi:type="SequencePoint" vc="0" uspid="129" ordinal="0" offset="0" sl="13" sc="9" el="13" ec="10" bec="0" bev="0" fileid="14" />
            </Method>
            <Method visited="false" cyclomaticComplexity="1" nPathComplexity="0" sequenceCoverage="0" branchCoverage="0" crapScore="2" isConstructor="true" isStatic="false" isGetter="false" isSetter="false">
              <Summary numSequencePoints="0" visitedSequencePoints="0" numBranchPoints="0" visitedBranchPoints="0" sequenceCoverage="0" branchCoverage="0" maxCyclomaticComplexity="1" minCyclomaticComplexity="1" maxCrapScore="2" minCrapScore="2" visitedClasses="0" numClasses="0" visitedMethods="0" numMethods="0" />
              <MetadataToken>100663323</MetadataToken>
              <Name>System.Void UnitTestProject.test.viewModels.Dashboard.ProfileViewModelTest::.ctor()</Name>
              <SequencePoints />
              <BranchPoints />
              <MethodPoint vc="0" uspid="147" ordinal="0" offset="0" />
            </Method>
          </Methods>
        </Class>
        <Class>
          <Summary numSequencePoints="16" visitedSequencePoints="0" numBranchPoints="1" visitedBranchPoints="0" sequenceCoverage="0" branchCoverage="0" maxCyclomaticComplexity="1" minCyclomaticComplexity="1" maxCrapScore="2" minCrapScore="2" visitedClasses="0" numClasses="1" visitedMethods="0" numMethods="1" />
          <FullName>UnitTestProject.test.viewModels.Dashboard.SettingViewModelTest</FullName>
          <Methods>
            <Method visited="false" cyclomaticComplexity="1" nPathComplexity="0" sequenceCoverage="0" branchCoverage="0" crapScore="2" isConstructor="false" isStatic="false" isGetter="false" isSetter="false">
              <Summary numSequencePoints="16" visitedSequencePoints="0" numBranchPoints="1" visitedBranchPoints="0" sequenceCoverage="0" branchCoverage="0" maxCyclomaticComplexity="1" minCyclomaticComplexity="1" maxCrapScore="2" minCrapScore="2" visitedClasses="0" numClasses="0" visitedMethods="0" numMethods="1" />
              <MetadataToken>100663324</MetadataToken>
              <Name>System.Void UnitTestProject.test.viewModels.Dashboard.SettingViewModelTest::SettingViewModelTest_ctor()</Name>
              <FileRef uid="15" />
              <SequencePoints>
                <SequencePoint vc="0" uspid="148" ordinal="0" offset="0" sl="12" sc="9" el="12" ec="10" bec="0" bev="0" fileid="15" />
                <SequencePoint vc="0" uspid="149" ordinal="1" offset="1" sl="13" sc="13" el="13" ec="63" bec="0" bev="0" fileid="15" />
                <SequencePoint vc="0" uspid="150" ordinal="2" offset="7" sl="14" sc="13" el="14" ec="52" bec="0" bev="0" fileid="15" />
                <SequencePoint vc="0" uspid="151" ordinal="3" offset="14" sl="16" sc="13" el="16" ec="54" bec="0" bev="0" fileid="15" />
                <SequencePoint vc="0" uspid="152" ordinal="4" offset="26" sl="17" sc="13" el="17" ec="61" bec="0" bev="0" fileid="15" />
                <SequencePoint vc="0" uspid="153" ordinal="5" offset="38" sl="18" sc="13" el="18" ec="48" bec="0" bev="0" fileid="15" />
                <SequencePoint vc="0" uspid="154" ordinal="6" offset="50" sl="21" sc="13" el="21" ec="61" bec="0" bev="0" fileid="15" />
                <SequencePoint vc="0" uspid="155" ordinal="7" offset="62" sl="22" sc="13" el="22" ec="58" bec="0" bev="0" fileid="15" />
                <SequencePoint vc="0" uspid="156" ordinal="8" offset="74" sl="23" sc="13" el="23" ec="67" bec="0" bev="0" fileid="15" />
                <SequencePoint vc="0" uspid="157" ordinal="9" offset="86" sl="24" sc="13" el="24" ec="68" bec="0" bev="0" fileid="15" />
                <SequencePoint vc="0" uspid="158" ordinal="10" offset="98" sl="26" sc="13" el="26" ec="64" bec="0" bev="0" fileid="15" />
                <SequencePoint vc="0" uspid="159" ordinal="11" offset="110" sl="27" sc="13" el="27" ec="71" bec="0" bev="0" fileid="15" />
                <SequencePoint vc="0" uspid="160" ordinal="12" offset="122" sl="28" sc="13" el="28" ec="51" bec="0" bev="0" fileid="15" />
                <SequencePoint vc="0" uspid="161" ordinal="13" offset="134" sl="30" sc="13" el="30" ec="59" bec="0" bev="0" fileid="15" />
                <SequencePoint vc="0" uspid="162" ordinal="14" offset="146" sl="31" sc="13" el="31" ec="93" bec="0" bev="0" fileid="15" />
                <SequencePoint vc="0" uspid="163" ordinal="15" offset="158" sl="33" sc="9" el="33" ec="10" bec="0" bev="0" fileid="15" />
              </SequencePoints>
              <BranchPoints />
              <MethodPoint xsi:type="SequencePoint" vc="0" uspid="148" ordinal="0" offset="0" sl="12" sc="9" el="12" ec="10" bec="0" bev="0" fileid="15" />
            </Method>
            <Method visited="false" cyclomaticComplexity="1" nPathComplexity="0" sequenceCoverage="0" branchCoverage="0" crapScore="2" isConstructor="true" isStatic="false" isGetter="false" isSetter="false">
              <Summary numSequencePoints="0" visitedSequencePoints="0" numBranchPoints="0" visitedBranchPoints="0" sequenceCoverage="0" branchCoverage="0" maxCyclomaticComplexity="1" minCyclomaticComplexity="1" maxCrapScore="2" minCrapScore="2" visitedClasses="0" numClasses="0" visitedMethods="0" numMethods="0" />
              <MetadataToken>100663325</MetadataToken>
              <Name>System.Void UnitTestProject.test.viewModels.Dashboard.SettingViewModelTest::.ctor()</Name>
              <SequencePoints />
              <BranchPoints />
              <MethodPoint vc="0" uspid="164" ordinal="0" offset="0" />
            </Method>
          </Methods>
        </Class>
        <Class>
          <Summary numSequencePoints="15" visitedSequencePoints="0" numBranchPoints="1" visitedBranchPoints="0" sequenceCoverage="0" branchCoverage="0" maxCyclomaticComplexity="1" minCyclomaticComplexity="1" maxCrapScore="2" minCrapScore="2" visitedClasses="0" numClasses="1" visitedMethods="0" numMethods="1" />
          <FullName>UnitTestProject.test.viewModels.Dashboard.teacherTest.TeacherViewModelTest</FullName>
          <Methods>
            <Method visited="false" cyclomaticComplexity="1" nPathComplexity="0" sequenceCoverage="0" branchCoverage="0" crapScore="2" isConstructor="false" isStatic="false" isGetter="false" isSetter="false">
              <Summary numSequencePoints="15" visitedSequencePoints="0" numBranchPoints="1" visitedBranchPoints="0" sequenceCoverage="0" branchCoverage="0" maxCyclomaticComplexity="1" minCyclomaticComplexity="1" maxCrapScore="2" minCrapScore="2" visitedClasses="0" numClasses="0" visitedMethods="0" numMethods="1" />
              <MetadataToken>100663326</MetadataToken>
              <Name>System.Void UnitTestProject.test.viewModels.Dashboard.teacherTest.TeacherViewModelTest::TeacherViewModelTest_successful()</Name>
              <FileRef uid="16" />
              <SequencePoints>
                <SequencePoint vc="0" uspid="165" ordinal="0" offset="0" sl="13" sc="9" el="13" ec="10" bec="0" bev="0" fileid="16" />
                <SequencePoint vc="0" uspid="166" ordinal="1" offset="1" sl="14" sc="13" el="14" ec="59" bec="0" bev="0" fileid="16" />
                <SequencePoint vc="0" uspid="167" ordinal="2" offset="7" sl="16" sc="13" el="16" ec="43" bec="0" bev="0" fileid="16" />
                <SequencePoint vc="0" uspid="168" ordinal="3" offset="15" sl="17" sc="13" el="17" ec="96" bec="0" bev="0" fileid="16" />
                <SequencePoint vc="0" uspid="169" ordinal="4" offset="27" sl="18" sc="13" el="18" ec="50" bec="0" bev="0" fileid="16" />
                <SequencePoint vc="0" uspid="170" ordinal="5" offset="39" sl="19" sc="13" el="19" ec="76" bec="0" bev="0" fileid="16" />
                <SequencePoint vc="0" uspid="171" ordinal="6" offset="51" sl="20" sc="13" el="20" ec="42" bec="0" bev="0" fileid="16" />
                <SequencePoint vc="0" uspid="172" ordinal="7" offset="63" sl="21" sc="13" el="21" ec="45" bec="0" bev="0" fileid="16" />
                <SequencePoint vc="0" uspid="173" ordinal="8" offset="75" sl="23" sc="13" el="23" ec="54" bec="0" bev="0" fileid="16" />
                <SequencePoint vc="0" uspid="174" ordinal="9" offset="92" sl="24" sc="13" el="24" ec="65" bec="0" bev="0" fileid="16" />
                <SequencePoint vc="0" uspid="175" ordinal="10" offset="104" sl="25" sc="13" el="25" ec="58" bec="0" bev="0" fileid="16" />
                <SequencePoint vc="0" uspid="176" ordinal="11" offset="116" sl="26" sc="13" el="26" ec="62" bec="0" bev="0" fileid="16" />
                <SequencePoint vc="0" uspid="177" ordinal="12" offset="128" sl="27" sc="13" el="27" ec="63" bec="0" bev="0" fileid="16" />
                <SequencePoint vc="0" uspid="178" ordinal="13" offset="140" sl="28" sc="13" el="28" ec="55" bec="0" bev="0" fileid="16" />
                <SequencePoint vc="0" uspid="179" ordinal="14" offset="152" sl="29" sc="9" el="29" ec="10" bec="0" bev="0" fileid="16" />
              </SequencePoints>
              <BranchPoints />
              <MethodPoint xsi:type="SequencePoint" vc="0" uspid="165" ordinal="0" offset="0" sl="13" sc="9" el="13" ec="10" bec="0" bev="0" fileid="16" />
            </Method>
            <Method visited="false" cyclomaticComplexity="1" nPathComplexity="0" sequenceCoverage="0" branchCoverage="0" crapScore="2" isConstructor="true" isStatic="false" isGetter="false" isSetter="false">
              <Summary numSequencePoints="0" visitedSequencePoints="0" numBranchPoints="0" visitedBranchPoints="0" sequenceCoverage="0" branchCoverage="0" maxCyclomaticComplexity="1" minCyclomaticComplexity="1" maxCrapScore="2" minCrapScore="2" visitedClasses="0" numClasses="0" visitedMethods="0" numMethods="0" />
              <MetadataToken>100663327</MetadataToken>
              <Name>System.Void UnitTestProject.test.viewModels.Dashboard.teacherTest.TeacherViewModelTest::.ctor()</Name>
              <SequencePoints />
              <BranchPoints />
              <MethodPoint vc="0" uspid="180" ordinal="0" offset="0" />
            </Method>
          </Methods>
        </Class>
        <Class>
          <Summary numSequencePoints="10" visitedSequencePoints="0" numBranchPoints="1" visitedBranchPoints="0" sequenceCoverage="0" branchCoverage="0" maxCyclomaticComplexity="1" minCyclomaticComplexity="1" maxCrapScore="2" minCrapScore="2" visitedClasses="0" numClasses="1" visitedMethods="0" numMethods="1" />
          <FullName>UnitTestProject.test.viewModels.Dashboard.subjectTest.SubjectViewModelTest</FullName>
          <Methods>
            <Method visited="false" cyclomaticComplexity="1" nPathComplexity="0" sequenceCoverage="0" branchCoverage="0" crapScore="2" isConstructor="false" isStatic="false" isGetter="false" isSetter="false">
              <Summary numSequencePoints="10" visitedSequencePoints="0" numBranchPoints="1" visitedBranchPoints="0" sequenceCoverage="0" branchCoverage="0" maxCyclomaticComplexity="1" minCyclomaticComplexity="1" maxCrapScore="2" minCrapScore="2" visitedClasses="0" numClasses="0" visitedMethods="0" numMethods="1" />
              <MetadataToken>100663328</MetadataToken>
              <Name>System.Void UnitTestProject.test.viewModels.Dashboard.subjectTest.SubjectViewModelTest::SubjectViewModelTest_successful()</Name>
              <FileRef uid="17" />
              <SequencePoints>
                <SequencePoint vc="0" uspid="181" ordinal="0" offset="0" sl="12" sc="9" el="12" ec="10" bec="0" bev="0" fileid="17" />
                <SequencePoint vc="0" uspid="182" ordinal="1" offset="1" sl="13" sc="13" el="13" ec="59" bec="0" bev="0" fileid="17" />
                <SequencePoint vc="0" uspid="183" ordinal="2" offset="7" sl="15" sc="13" el="15" ec="76" bec="0" bev="0" fileid="17" />
                <SequencePoint vc="0" uspid="184" ordinal="3" offset="19" sl="16" sc="13" el="16" ec="79" bec="0" bev="0" fileid="17" />
                <SequencePoint vc="0" uspid="185" ordinal="4" offset="31" sl="17" sc="13" el="17" ec="45" bec="0" bev="0" fileid="17" />
                <SequencePoint vc="0" uspid="186" ordinal="5" offset="43" sl="19" sc="13" el="19" ec="59" bec="0" bev="0" fileid="17" />
                <SequencePoint vc="0" uspid="187" ordinal="6" offset="55" sl="20" sc="13" el="20" ec="62" bec="0" bev="0" fileid="17" />
                <SequencePoint vc="0" uspid="188" ordinal="7" offset="67" sl="21" sc="13" el="21" ec="55" bec="0" bev="0" fileid="17" />
                <SequencePoint vc="0" uspid="189" ordinal="8" offset="79" sl="22" sc="13" el="22" ec="65" bec="0" bev="0" fileid="17" />
                <SequencePoint vc="0" uspid="190" ordinal="9" offset="91" sl="23" sc="9" el="23" ec="10" bec="0" bev="0" fileid="17" />
              </SequencePoints>
              <BranchPoints />
              <MethodPoint xsi:type="SequencePoint" vc="0" uspid="181" ordinal="0" offset="0" sl="12" sc="9" el="12" ec="10" bec="0" bev="0" fileid="17" />
            </Method>
            <Method visited="false" cyclomaticComplexity="1" nPathComplexity="0" sequenceCoverage="0" branchCoverage="0" crapScore="2" isConstructor="true" isStatic="false" isGetter="false" isSetter="false">
              <Summary numSequencePoints="0" visitedSequencePoints="0" numBranchPoints="0" visitedBranchPoints="0" sequenceCoverage="0" branchCoverage="0" maxCyclomaticComplexity="1" minCyclomaticComplexity="1" maxCrapScore="2" minCrapScore="2" visitedClasses="0" numClasses="0" visitedMethods="0" numMethods="0" />
              <MetadataToken>100663329</MetadataToken>
              <Name>System.Void UnitTestProject.test.viewModels.Dashboard.subjectTest.SubjectViewModelTest::.ctor()</Name>
              <SequencePoints />
              <BranchPoints />
              <MethodPoint vc="0" uspid="191" ordinal="0" offset="0" />
            </Method>
          </Methods>
        </Class>
        <Class>
          <Summary numSequencePoints="4" visitedSequencePoints="0" numBranchPoints="1" visitedBranchPoints="0" sequenceCoverage="0" branchCoverage="0" maxCyclomaticComplexity="1" minCyclomaticComplexity="1" maxCrapScore="2" minCrapScore="2" visitedClasses="0" numClasses="1" visitedMethods="0" numMethods="1" />
          <FullName>UnitTestProject.test.viewModels.Dashboard.studentTest.MainStudentViewModelTest</FullName>
          <Methods>
            <Method visited="false" cyclomaticComplexity="1" nPathComplexity="0" sequenceCoverage="0" branchCoverage="0" crapScore="2" isConstructor="false" isStatic="false" isGetter="false" isSetter="false">
              <Summary numSequencePoints="4" visitedSequencePoints="0" numBranchPoints="1" visitedBranchPoints="0" sequenceCoverage="0" branchCoverage="0" maxCyclomaticComplexity="1" minCyclomaticComplexity="1" maxCrapScore="2" minCrapScore="2" visitedClasses="0" numClasses="0" visitedMethods="0" numMethods="1" />
              <MetadataToken>100663330</MetadataToken>
              <Name>System.Void UnitTestProject.test.viewModels.Dashboard.studentTest.MainStudentViewModelTest::MainStudentViewModelTest_successful()</Name>
              <FileRef uid="18" />
              <SequencePoints>
                <SequencePoint vc="0" uspid="192" ordinal="0" offset="0" sl="12" sc="9" el="12" ec="10" bec="0" bev="0" fileid="18" />
                <SequencePoint vc="0" uspid="193" ordinal="1" offset="1" sl="13" sc="13" el="13" ec="67" bec="0" bev="0" fileid="18" />
                <SequencePoint vc="0" uspid="194" ordinal="2" offset="7" sl="15" sc="13" el="15" ec="52" bec="0" bev="0" fileid="18" />
                <SequencePoint vc="0" uspid="195" ordinal="3" offset="14" sl="16" sc="9" el="16" ec="10" bec="0" bev="0" fileid="18" />
              </SequencePoints>
              <BranchPoints />
              <MethodPoint xsi:type="SequencePoint" vc="0" uspid="192" ordinal="0" offset="0" sl="12" sc="9" el="12" ec="10" bec="0" bev="0" fileid="18" />
            </Method>
            <Method visited="false" cyclomaticComplexity="1" nPathComplexity="0" sequenceCoverage="0" branchCoverage="0" crapScore="2" isConstructor="true" isStatic="false" isGetter="false" isSetter="false">
              <Summary numSequencePoints="0" visitedSequencePoints="0" numBranchPoints="0" visitedBranchPoints="0" sequenceCoverage="0" branchCoverage="0" maxCyclomaticComplexity="1" minCyclomaticComplexity="1" maxCrapScore="2" minCrapScore="2" visitedClasses="0" numClasses="0" visitedMethods="0" numMethods="0" />
              <MetadataToken>100663331</MetadataToken>
              <Name>System.Void UnitTestProject.test.viewModels.Dashboard.studentTest.MainStudentViewModelTest::.ctor()</Name>
              <SequencePoints />
              <BranchPoints />
              <MethodPoint vc="0" uspid="196" ordinal="0" offset="0" />
            </Method>
          </Methods>
        </Class>
        <Class>
          <Summary numSequencePoints="7" visitedSequencePoints="0" numBranchPoints="1" visitedBranchPoints="0" sequenceCoverage="0" branchCoverage="0" maxCyclomaticComplexity="1" minCyclomaticComplexity="1" maxCrapScore="2" minCrapScore="2" visitedClasses="0" numClasses="1" visitedMethods="0" numMethods="1" />
          <FullName>UnitTestProject.test.viewModels.Dashboard.studentTest.StudentDataStoreTest</FullName>
          <Methods>
            <Method visited="false" cyclomaticComplexity="1" nPathComplexity="0" sequenceCoverage="0" branchCoverage="0" crapScore="2" isConstructor="false" isStatic="false" isGetter="false" isSetter="false">
              <Summary numSequencePoints="7" visitedSequencePoints="0" numBranchPoints="1" visitedBranchPoints="0" sequenceCoverage="0" branchCoverage="0" maxCyclomaticComplexity="1" minCyclomaticComplexity="1" maxCrapScore="2" minCrapScore="2" visitedClasses="0" numClasses="0" visitedMethods="0" numMethods="1" />
              <MetadataToken>100663332</MetadataToken>
              <Name>System.Void UnitTestProject.test.viewModels.Dashboard.studentTest.StudentDataStoreTest::StudentDataStoreTest_successful()</Name>
              <FileRef uid="19" />
              <SequencePoints>
                <SequencePoint vc="0" uspid="197" ordinal="0" offset="0" sl="13" sc="9" el="13" ec="10" bec="0" bev="0" fileid="19" />
                <SequencePoint vc="0" uspid="198" ordinal="1" offset="1" sl="14" sc="13" el="14" ec="59" bec="0" bev="0" fileid="19" />
                <SequencePoint vc="0" uspid="199" ordinal="2" offset="7" sl="16" sc="13" el="16" ec="91" bec="0" bev="0" fileid="19" />
                <SequencePoint vc="0" uspid="200" ordinal="3" offset="19" sl="17" sc="13" el="17" ec="77" bec="0" bev="0" fileid="19" />
                <SequencePoint vc="0" uspid="201" ordinal="4" offset="31" sl="19" sc="13" el="19" ec="62" bec="0" bev="0" fileid="19" />
                <SequencePoint vc="0" uspid="202" ordinal="5" offset="43" sl="20" sc="13" el="20" ec="54" bec="0" bev="0" fileid="19" />
                <SequencePoint vc="0" uspid="203" ordinal="6" offset="55" sl="21" sc="9" el="21" ec="10" bec="0" bev="0" fileid="19" />
              </SequencePoints>
              <BranchPoints />
              <MethodPoint xsi:type="SequencePoint" vc="0" uspid="197" ordinal="0" offset="0" sl="13" sc="9" el="13" ec="10" bec="0" bev="0" fileid="19" />
            </Method>
            <Method visited="false" cyclomaticComplexity="1" nPathComplexity="0" sequenceCoverage="0" branchCoverage="0" crapScore="2" isConstructor="true" isStatic="false" isGetter="false" isSetter="false">
              <Summary numSequencePoints="0" visitedSequencePoints="0" numBranchPoints="0" visitedBranchPoints="0" sequenceCoverage="0" branchCoverage="0" maxCyclomaticComplexity="1" minCyclomaticComplexity="1" maxCrapScore="2" minCrapScore="2" visitedClasses="0" numClasses="0" visitedMethods="0" numMethods="0" />
              <MetadataToken>100663333</MetadataToken>
              <Name>System.Void UnitTestProject.test.viewModels.Dashboard.studentTest.StudentDataStoreTest::.ctor()</Name>
              <SequencePoints />
              <BranchPoints />
              <MethodPoint vc="0" uspid="204" ordinal="0" offset="0" />
            </Method>
          </Methods>
        </Class>
        <Class>
          <Summary numSequencePoints="6" visitedSequencePoints="0" numBranchPoints="1" visitedBranchPoints="0" sequenceCoverage="0" branchCoverage="0" maxCyclomaticComplexity="1" minCyclomaticComplexity="1" maxCrapScore="2" minCrapScore="2" visitedClasses="0" numClasses="1" visitedMethods="0" numMethods="1" />
          <FullName>UnitTestProject.test.viewModels.Dashboard.studentTest.StudentItemViewModelTest</FullName>
          <Methods>
            <Method visited="false" cyclomaticComplexity="1" nPathComplexity="0" sequenceCoverage="0" branchCoverage="0" crapScore="2" isConstructor="false" isStatic="false" isGetter="false" isSetter="false">
              <Summary numSequencePoints="6" visitedSequencePoints="0" numBranchPoints="1" visitedBranchPoints="0" sequenceCoverage="0" branchCoverage="0" maxCyclomaticComplexity="1" minCyclomaticComplexity="1" maxCrapScore="2" minCrapScore="2" visitedClasses="0" numClasses="0" visitedMethods="0" numMethods="1" />
[...]
              <Summary numSequencePoints="5" visitedSequencePoints="0" numBranchPoints="1" visitedBranchPoints="0" sequenceCoverage="0" branchCoverage="0" maxCyclomaticComplexity="1" minCyclomaticComplexity="1" maxCrapScore="2" minCrapScore="2" visitedClasses="0" numClasses="0" visitedMethods="0" numMethods="1" />
              <MetadataToken>100663386</MetadataToken>
              <Name>System.Void UnitTestProject.test.commands.EditInformationCommandTest::editInformationCommand_ctor()</Name>
              <FileRef uid="45" />
              <SequencePoints>
                <SequencePoint vc="0" uspid="474" ordinal="0" offset="0" sl="12" sc="9" el="12" ec="10" bec="0" bev="0" fileid="45" />
                <SequencePoint vc="0" uspid="475" ordinal="1" offset="1" sl="13" sc="13" el="13" ec="75" bec="0" bev="0" fileid="45" />
                <SequencePoint vc="0" uspid="476" ordinal="2" offset="7" sl="14" sc="13" el="14" ec="95" bec="0" bev="0" fileid="45" />
                <SequencePoint vc="0" uspid="477" ordinal="3" offset="14" sl="15" sc="13" el="15" ec="54" bec="0" bev="0" fileid="45" />
                <SequencePoint vc="0" uspid="478" ordinal="4" offset="21" sl="16" sc="9" el="16" ec="10" bec="0" bev="0" fileid="45" />
              </SequencePoints>
              <BranchPoints />
              <MethodPoint xsi:type="SequencePoint" vc="0" uspid="474" ordinal="0" offset="0" sl="12" sc="9" el="12" ec="10" bec="0" bev="0" fileid="45" />
            </Method>
            <Method visited="false" cyclomaticComplexity="1" nPathComplexity="0" sequenceCoverage="0" branchCoverage="0" crapScore="2" isConstructor="true" isStatic="false" isGetter="false" isSetter="false">
              <Summary numSequencePoints="0" visitedSequencePoints="0" numBranchPoints="0" visitedBranchPoints="0" sequenceCoverage="0" branchCoverage="0" maxCyclomaticComplexity="1" minCyclomaticComplexity="1" maxCrapScore="2" minCrapScore="2" visitedClasses="0" numClasses="0" visitedMethods="0" numMethods="0" />
              <MetadataToken>100663387</MetadataToken>
              <Name>System.Void UnitTestProject.test.commands.EditInformationCommandTest::.ctor()</Name>
              <SequencePoints />
              <BranchPoints />
              <MethodPoint vc="0" uspid="479" ordinal="0" offset="0" />
            </Method>
          </Methods>
        </Class>
        <Class>
          <Summary numSequencePoints="5" visitedSequencePoints="0" numBranchPoints="1" visitedBranchPoints="0" sequenceCoverage="0" branchCoverage="0" maxCyclomaticComplexity="1" minCyclomaticComplexity="1" maxCrapScore="2" minCrapScore="2" visitedClasses="0" numClasses="1" visitedMethods="0" numMethods="1" />
          <FullName>UnitTestProject.test.commands.ExitCommandTest</FullName>
          <Methods>
            <Method visited="false" cyclomaticComplexity="1" nPathComplexity="0" sequenceCoverage="0" branchCoverage="0" crapScore="2" isConstructor="false" isStatic="false" isGetter="false" isSetter="false">
              <Summary numSequencePoints="5" visitedSequencePoints="0" numBranchPoints="1" visitedBranchPoints="0" sequenceCoverage="0" branchCoverage="0" maxCyclomaticComplexity="1" minCyclomaticComplexity="1" maxCrapScore="2" minCrapScore="2" visitedClasses="0" numClasses="0" visitedMethods="0" numMethods="1" />
              <MetadataToken>100663388</MetadataToken>
              <Name>System.Void UnitTestProject.test.commands.ExitCommandTest::ExitCommand_ctor()</Name>
              <FileRef uid="46" />
              <SequencePoints>
                <SequencePoint vc="0" uspid="480" ordinal="0" offset="0" sl="13" sc="9" el="13" ec="10" bec="0" bev="0" fileid="46" />
                <SequencePoint vc="0" uspid="481" ordinal="1" offset="1" sl="14" sc="13" el="14" ec="53" bec="0" bev="0" fileid="46" />
                <SequencePoint vc="0" uspid="482" ordinal="2" offset="7" sl="15" sc="13" el="15" ec="62" bec="0" bev="0" fileid="46" />
                <SequencePoint vc="0" uspid="483" ordinal="3" offset="14" sl="16" sc="13" el="16" ec="43" bec="0" bev="0" fileid="46" />
                <SequencePoint vc="0" uspid="484" ordinal="4" offset="21" sl="17" sc="9" el="17" ec="10" bec="0" bev="0" fileid="46" />
              </SequencePoints>
              <BranchPoints />
              <MethodPoint xsi:type="SequencePoint" vc="0" uspid="480" ordinal="0" offset="0" sl="13" sc="9" el="13" ec="10" bec="0" bev="0" fileid="46" />
            </Method>
            <Method visited="false" cyclomaticComplexity="1" nPathComplexity="0" sequenceCoverage="0" branchCoverage="0" crapScore="2" isConstructor="true" isStatic="false" isGetter="false" isSetter="false">
              <Summary numSequencePoints="0" visitedSequencePoints="0" numBranchPoints="0" visitedBranchPoints="0" sequenceCoverage="0" branchCoverage="0" maxCyclomaticComplexity="1" minCyclomaticComplexity="1" maxCrapScore="2" minCrapScore="2" visitedClasses="0" numClasses="0" visitedMethods="0" numMethods="0" />
              <MetadataToken>100663389</MetadataToken>
              <Name>System.Void UnitTestProject.test.commands.ExitCommandTest::.ctor()</Name>
              <SequencePoints />
              <BranchPoints />
              <MethodPoint vc="0" uspid="485" ordinal="0" offset="0" />
            </Method>
          </Methods>
        </Class>
        <Class>
          <Summary numSequencePoints="5" visitedSequencePoints="0" numBranchPoints="1" visitedBranchPoints="0" sequenceCoverage="0" branchCoverage="0" maxCyclomaticComplexity="1" minCyclomaticComplexity="1" maxCrapScore="2" minCrapScore="2" visitedClasses="0" numClasses="1" visitedMethods="0" numMethods="1" />
          <FullName>UnitTestProject.test.commands.FindCommandTest</FullName>
          <Methods>
            <Method visited="false" cyclomaticComplexity="1" nPathComplexity="0" sequenceCoverage="0" branchCoverage="0" crapScore="2" isConstructor="false" isStatic="false" isGetter="false" isSetter="false">
              <Summary numSequencePoints="5" visitedSequencePoints="0" numBranchPoints="1" visitedBranchPoints="0" sequenceCoverage="0" branchCoverage="0" maxCyclomaticComplexity="1" minCyclomaticComplexity="1" maxCrapScore="2" minCrapScore="2" visitedClasses="0" numClasses="0" visitedMethods="0" numMethods="1" />
              <MetadataToken>100663390</MetadataToken>
              <Name>System.Void UnitTestProject.test.commands.FindCommandTest::FindCommandTest_ctor()</Name>
              <FileRef uid="47" />
              <SequencePoints>
                <SequencePoint vc="0" uspid="486" ordinal="0" offset="0" sl="13" sc="9" el="13" ec="10" bec="0" bev="0" fileid="47" />
                <SequencePoint vc="0" uspid="487" ordinal="1" offset="1" sl="14" sc="13" el="14" ec="53" bec="0" bev="0" fileid="47" />
                <SequencePoint vc="0" uspid="488" ordinal="2" offset="7" sl="15" sc="13" el="15" ec="62" bec="0" bev="0" fileid="47" />
                <SequencePoint vc="0" uspid="489" ordinal="3" offset="14" sl="16" sc="13" el="16" ec="43" bec="0" bev="0" fileid="47" />
                <SequencePoint vc="0" uspid="490" ordinal="4" offset="21" sl="17" sc="9" el="17" ec="10" bec="0" bev="0" fileid="47" />
              </SequencePoints>
              <BranchPoints />
              <MethodPoint xsi:type="SequencePoint" vc="0" uspid="486" ordinal="0" offset="0" sl="13" sc="9" el="13" ec="10" bec="0" bev="0" fileid="47" />
            </Method>
            <Method visited="false" cyclomaticComplexity="1" nPathComplexity="0" sequenceCoverage="0" branchCoverage="0" crapScore="2" isConstructor="true" isStatic="false" isGetter="false" isSetter="false">
              <Summary numSequencePoints="0" visitedSequencePoints="0" numBranchPoints="0" visitedBranchPoints="0" sequenceCoverage="0" branchCoverage="0" maxCyclomaticComplexity="1" minCyclomaticComplexity="1" maxCrapScore="2" minCrapScore="2" visitedClasses="0" numClasses="0" visitedMethods="0" numMethods="0" />
              <MetadataToken>100663391</MetadataToken>
              <Name>System.Void UnitTestProject.test.commands.FindCommandTest::.ctor()</Name>
              <SequencePoints />
              <BranchPoints />
              <MethodPoint vc="0" uspid="491" ordinal="0" offset="0" />
            </Method>
          </Methods>
        </Class>
        <Class>
          <Summary numSequencePoints="5" visitedSequencePoints="0" numBranchPoints="1" visitedBranchPoints="0" sequenceCoverage="0" branchCoverage="0" maxCyclomaticComplexity="1" minCyclomaticComplexity="1" maxCrapScore="2" minCrapScore="2" visitedClasses="0" numClasses="1" visitedMethods="0" numMethods="1" />
          <FullName>UnitTestProject.test.commands.MainClassCommandTest</FullName>
          <Methods>
            <Method visited="false" cyclomaticComplexity="1" nPathComplexity="0" sequenceCoverage="0" branchCoverage="0" crapScore="2" isConstructor="false" isStatic="false" isGetter="false" isSetter="false">
              <Summary numSequencePoints="5" visitedSequencePoints="0" numBranchPoints="1" visitedBranchPoints="0" sequenceCoverage="0" branchCoverage="0" maxCyclomaticComplexity="1" minCyclomaticComplexity="1" maxCrapScore="2" minCrapScore="2" visitedClasses="0" numClasses="0" visitedMethods="0" numMethods="1" />
              <MetadataToken>100663392</MetadataToken>
              <Name>System.Void UnitTestProject.test.commands.MainClassCommandTest::MainClassCommandTest_ctor()</Name>
              <FileRef uid="48" />
              <SequencePoints>
                <SequencePoint vc="0" uspid="492" ordinal="0" offset="0" sl="13" sc="9" el="13" ec="10" bec="0" bev="0" fileid="48" />
                <SequencePoint vc="0" uspid="493" ordinal="1" offset="1" sl="14" sc="13" el="14" ec="63" bec="0" bev="0" fileid="48" />
                <SequencePoint vc="0" uspid="494" ordinal="2" offset="7" sl="15" sc="13" el="15" ec="77" bec="0" bev="0" fileid="48" />
                <SequencePoint vc="0" uspid="495" ordinal="3" offset="14" sl="16" sc="13" el="16" ec="48" bec="0" bev="0" fileid="48" />
                <SequencePoint vc="0" uspid="496" ordinal="4" offset="21" sl="17" sc="9" el="17" ec="10" bec="0" bev="0" fileid="48" />
              </SequencePoints>
              <BranchPoints />
              <MethodPoint xsi:type="SequencePoint" vc="0" uspid="492" ordinal="0" offset="0" sl="13" sc="9" el="13" ec="10" bec="0" bev="0" fileid="48" />
            </Method>
            <Method visited="false" cyclomaticComplexity="1" nPathComplexity="0" sequenceCoverage="0" branchCoverage="0" crapScore="2" isConstructor="true" isStatic="false" isGetter="false" isSetter="false">
              <Summary numSequencePoints="0" visitedSequencePoints="0" numBranchPoints="0" visitedBranchPoints="0" sequenceCoverage="0" branchCoverage="0" maxCyclomaticComplexity="1" minCyclomaticComplexity="1" maxCrapScore="2" minCrapScore="2" visitedClasses="0" numClasses="0" visitedMethods="0" numMethods="0" />
              <MetadataToken>100663393</MetadataToken>
              <Name>System.Void UnitTestProject.test.commands.MainClassCommandTest::.ctor()</Name>
              <SequencePoints />
              <BranchPoints />
              <MethodPoint vc="0" uspid="497" ordinal="0" offset="0" />
            </Method>
          </Methods>
        </Class>
        <Class>
          <Summary numSequencePoints="5" visitedSequencePoints="0" numBranchPoints="1" visitedBranchPoints="0" sequenceCoverage="0" branchCoverage="0" maxCyclomaticComplexity="1" minCyclomaticComplexity="1" maxCrapScore="2" minCrapScore="2" visitedClasses="0" numClasses="1" visitedMethods="0" numMethods="1" />
          <FullName>UnitTestProject.test.commands.ProfileCommandTest</FullName>
          <Methods>
            <Method visited="false" cyclomaticComplexity="1" nPathComplexity="0" sequenceCoverage="0" branchCoverage="0" crapScore="2" isConstructor="false" isStatic="false" isGetter="false" isSetter="false">
              <Summary numSequencePoints="5" visitedSequencePoints="0" numBranchPoints="1" visitedBranchPoints="0" sequenceCoverage="0" branchCoverage="0" maxCyclomaticComplexity="1" minCyclomaticComplexity="1" maxCrapScore="2" minCrapScore="2" visitedClasses="0" numClasses="0" visitedMethods="0" numMethods="1" />
              <MetadataToken>100663394</MetadataToken>
              <Name>System.Void UnitTestProject.test.commands.ProfileCommandTest::ProfileCommandTest_ctor()</Name>
              <FileRef uid="49" />
              <SequencePoints>
                <SequencePoint vc="0" uspid="498" ordinal="0" offset="0" sl="13" sc="9" el="13" ec="10" bec="0" bev="0" fileid="49" />
                <SequencePoint vc="0" uspid="499" ordinal="1" offset="1" sl="14" sc="13" el="14" ec="59" bec="0" bev="0" fileid="49" />
                <SequencePoint vc="0" uspid="500" ordinal="2" offset="7" sl="15" sc="13" el="15" ec="71" bec="0" bev="0" fileid="49" />
                <SequencePoint vc="0" uspid="501" ordinal="3" offset="14" sl="16" sc="13" el="16" ec="46" bec="0" bev="0" fileid="49" />
                <SequencePoint vc="0" uspid="502" ordinal="4" offset="21" sl="17" sc="9" el="17" ec="10" bec="0" bev="0" fileid="49" />
              </SequencePoints>
              <BranchPoints />
              <MethodPoint xsi:type="SequencePoint" vc="0" uspid="498" ordinal="0" offset="0" sl="13" sc="9" el="13" ec="10" bec="0" bev="0" fileid="49" />
            </Method>
            <Method visited="false" cyclomaticComplexity="1" nPathComplexity="0" sequenceCoverage="0" branchCoverage="0" crapScore="2" isConstructor="true" isStatic="false" isGetter="false" isSetter="false">
              <Summary numSequencePoints="0" visitedSequencePoints="0" numBranchPoints="0" visitedBranchPoints="0" sequenceCoverage="0" branchCoverage="0" maxCyclomaticComplexity="1" minCyclomaticComplexity="1" maxCrapScore="2" minCrapScore="2" visitedClasses="0" numClasses="0" visitedMethods="0" numMethods="0" />
              <MetadataToken>100663395</MetadataToken>
              <Name>System.Void UnitTestProject.test.commands.ProfileCommandTest::.ctor()</Name>
              <SequencePoints />
              <BranchPoints />
              <MethodPoint vc="0" uspid="503" ordinal="0" offset="0" />
            </Method>
          </Methods>
        </Class>
        <Class>
          <Summary numSequencePoints="2" visitedSequencePoints="0" numBranchPoints="1" visitedBranchPoints="0" sequenceCoverage="0" branchCoverage="0" maxCyclomaticComplexity="1" minCyclomaticComplexity="1" maxCrapScore="2" minCrapScore="2" visitedClasses="0" numClasses="1" visitedMethods="0" numMethods="1" />
          <FullName>UnitTestProject.test.commands.RelayCommandTest</FullName>
          <Methods>
            <Method visited="false" cyclomaticComplexity="1" nPathComplexity="0" sequenceCoverage="0" branchCoverage="0" crapScore="2" isConstructor="false" isStatic="false" isGetter="false" isSetter="false">
              <Summary numSequencePoints="2" visitedSequencePoints="0" numBranchPoints="1" visitedBranchPoints="0" sequenceCoverage="0" branchCoverage="0" maxCyclomaticComplexity="1" minCyclomaticComplexity="1" maxCrapScore="2" minCrapScore="2" visitedClasses="0" numClasses="0" visitedMethods="0" numMethods="1" />
              <MetadataToken>100663396</MetadataToken>
              <Name>System.Void UnitTestProject.test.commands.RelayCommandTest::RelayCommandTest_ctor()</Name>
              <FileRef uid="50" />
              <SequencePoints>
                <SequencePoint vc="0" uspid="504" ordinal="0" offset="0" sl="14" sc="9" el="14" ec="10" bec="0" bev="0" fileid="50" />
                <SequencePoint vc="0" uspid="505" ordinal="1" offset="1" sl="20" sc="9" el="20" ec="10" bec="0" bev="0" fileid="50" />
              </SequencePoints>
              <BranchPoints />
              <MethodPoint xsi:type="SequencePoint" vc="0" uspid="504" ordinal="0" offset="0" sl="14" sc="9" el="14" ec="10" bec="0" bev="0" fileid="50" />
            </Method>
            <Method visited="false" cyclomaticComplexity="1" nPathComplexity="0" sequenceCoverage="0" branchCoverage="0" crapScore="2" isConstructor="true" isStatic="false" isGetter="false" isSetter="false">
              <Summary numSequencePoints="0" visitedSequencePoints="0" numBranchPoints="0" visitedBranchPoints="0" sequenceCoverage="0" branchCoverage="0" maxCyclomaticComplexity="1" minCyclomaticComplexity="1" maxCrapScore="2" minCrapScore="2" visitedClasses="0" numClasses="0" visitedMethods="0" numMethods="0" />
              <MetadataToken>100663397</MetadataToken>
              <Name>System.Void UnitTestProject.test.commands.RelayCommandTest::.ctor()</Name>
              <SequencePoints />
              <BranchPoints />
              <MethodPoint vc="0" uspid="506" ordinal="0" offset="0" />
            </Method>
          </Methods>
        </Class>
        <Class>
          <Summary numSequencePoints="5" visitedSequencePoints="0" numBranchPoints="1" visitedBranchPoints="0" sequenceCoverage="0" branchCoverage="0" maxCyclomaticComplexity="1" minCyclomaticComplexity="1" maxCrapScore="2" minCrapScore="2" visitedClasses="0" numClasses="1" visitedMethods="0" numMethods="1" />
          <FullName>UnitTestProject.test.commands.SettingCommandTest</FullName>
          <Methods>
            <Method visited="false" cyclomaticComplexity="1" nPathComplexity="0" sequenceCoverage="0" branchCoverage="0" crapScore="2" isConstructor="false" isStatic="false" isGetter="false" isSetter="false">
              <Summary numSequencePoints="5" visitedSequencePoints="0" numBranchPoints="1" visitedBranchPoints="0" sequenceCoverage="0" branchCoverage="0" maxCyclomaticComplexity="1" minCyclomaticComplexity="1" maxCrapScore="2" minCrapScore="2" visitedClasses="0" numClasses="0" visitedMethods="0" numMethods="1" />
              <MetadataToken>100663398</MetadataToken>
              <Name>System.Void UnitTestProject.test.commands.SettingCommandTest::SettingCommandTest_ctor()</Name>
              <FileRef uid="51" />
              <SequencePoints>
                <SequencePoint vc="0" uspid="507" ordinal="0" offset="0" sl="13" sc="9" el="13" ec="10" bec="0" bev="0" fileid="51" />
                <SequencePoint vc="0" uspid="508" ordinal="1" offset="1" sl="14" sc="13" el="14" ec="59" bec="0" bev="0" fileid="51" />
                <SequencePoint vc="0" uspid="509" ordinal="2" offset="7" sl="15" sc="13" el="15" ec="71" bec="0" bev="0" fileid="51" />
                <SequencePoint vc="0" uspid="510" ordinal="3" offset="14" sl="16" sc="13" el="16" ec="46" bec="0" bev="0" fileid="51" />
                <SequencePoint vc="0" uspid="511" ordinal="4" offset="21" sl="17" sc="9" el="17" ec="10" bec="0" bev="0" fileid="51" />
              </SequencePoints>
              <BranchPoints />
              <MethodPoint xsi:type="SequencePoint" vc="0" uspid="507" ordinal="0" offset="0" sl="13" sc="9" el="13" ec="10" bec="0" bev="0" fileid="51" />
            </Method>
            <Method visited="false" cyclomaticComplexity="1" nPathComplexity="0" sequenceCoverage="0" branchCoverage="0" crapScore="2" isConstructor="true" isStatic="false" isGetter="false" isSetter="false">
              <Summary numSequencePoints="0" visitedSequencePoints="0" numBranchPoints="0" visitedBranchPoints="0" sequenceCoverage="0" branchCoverage="0" maxCyclomaticComplexity="1" minCyclomaticComplexity="1" maxCrapScore="2" minCrapScore="2" visitedClasses="0" numClasses="0" visitedMethods="0" numMethods="0" />
              <MetadataToken>100663399</MetadataToken>
              <Name>System.Void UnitTestProject.test.commands.SettingCommandTest::.ctor()</Name>
              <SequencePoints />
              <BranchPoints />
              <MethodPoint vc="0" uspid="512" ordinal="0" offset="0" />
            </Method>
          </Methods>
        </Class>
      </Classes>
    </Module>
  </Modules>
</CoverageSession>